{"/home/travis/build/npmtest/node-npmtest-ip-address/test.js":{"path":"/home/travis/build/npmtest/node-npmtest-ip-address/test.js","s":{"1":2,"2":2,"3":2,"4":2,"5":2,"6":2,"7":2,"8":1,"9":2,"10":2,"11":1,"12":1,"13":1,"14":1,"15":2,"16":2,"17":2,"18":2,"19":1,"20":1,"21":2,"22":2,"23":2,"24":1,"25":1,"26":1,"27":1,"28":1,"29":1,"30":1,"31":1,"32":1,"33":1,"34":1,"35":1,"36":1,"37":1,"38":1,"39":2,"40":2,"41":1,"42":2,"43":2,"44":1,"45":2,"46":2,"47":1,"48":2,"49":2,"50":1,"51":1,"52":1,"53":1,"54":1},"b":{"1":[2,1,1,1],"2":[1,1,1,1],"3":[1,1],"4":[1,1],"5":[1,1],"6":[1,1],"7":[1,1],"8":[1,1],"9":[1,1],"10":[1,1,1],"11":[1,1],"12":[1,1],"13":[1,1],"14":[1,1],"15":[1,1],"16":[1,1],"17":[1,1]},"f":{"1":2,"2":2,"3":2,"4":2,"5":2,"6":1,"7":1,"8":1,"9":2,"10":2,"11":2,"12":2,"13":1},"fnMap":{"1":{"name":"(anonymous_1)","line":12,"loc":{"start":{"line":12,"column":1},"end":{"line":12,"column":13}}},"2":{"name":"(anonymous_2)","line":19,"loc":{"start":{"line":19,"column":5},"end":{"line":19,"column":17}}},"3":{"name":"(anonymous_3)","line":23,"loc":{"start":{"line":23,"column":24},"end":{"line":23,"column":36}}},"4":{"name":"(anonymous_4)","line":61,"loc":{"start":{"line":61,"column":5},"end":{"line":61,"column":17}}},"5":{"name":"(anonymous_5)","line":82,"loc":{"start":{"line":82,"column":5},"end":{"line":82,"column":17}}},"6":{"name":"(anonymous_6)","line":91,"loc":{"start":{"line":91,"column":77},"end":{"line":94,"column":10}}},"7":{"name":"(anonymous_7)","line":112,"loc":{"start":{"line":112,"column":83},"end":{"line":115,"column":10}},"skip":true},"8":{"name":"(anonymous_8)","line":123,"loc":{"start":{"line":123,"column":77},"end":{"line":126,"column":10}},"skip":true},"9":{"name":"(anonymous_9)","line":139,"loc":{"start":{"line":139,"column":12},"end":{"line":139,"column":40}},"skip":true},"10":{"name":"(anonymous_10)","line":147,"loc":{"start":{"line":147,"column":77},"end":{"line":150,"column":10}},"skip":true},"11":{"name":"(anonymous_11)","line":158,"loc":{"start":{"line":158,"column":83},"end":{"line":161,"column":10}},"skip":true},"12":{"name":"(anonymous_12)","line":169,"loc":{"start":{"line":169,"column":79},"end":{"line":172,"column":10}},"skip":true},"13":{"name":"(anonymous_13)","line":180,"loc":{"start":{"line":180,"column":75},"end":{"line":183,"column":10}},"skip":true}},"statementMap":{"1":{"start":{"line":12,"column":0},"end":{"line":195,"column":5}},"2":{"start":{"line":14,"column":4},"end":{"line":14,"column":14}},"3":{"start":{"line":19,"column":4},"end":{"line":56,"column":9}},"4":{"start":{"line":21,"column":8},"end":{"line":21,"column":19}},"5":{"start":{"line":23,"column":8},"end":{"line":35,"column":13}},"6":{"start":{"line":24,"column":12},"end":{"line":34,"column":13}},"7":{"start":{"line":25,"column":16},"end":{"line":28,"column":30}},"8":{"start":{"line":30,"column":16},"end":{"line":33,"column":27}},"9":{"start":{"line":37,"column":8},"end":{"line":39,"column":21}},"10":{"start":{"line":40,"column":8},"end":{"line":53,"column":9}},"11":{"start":{"line":43,"column":12},"end":{"line":46,"column":14}},"12":{"start":{"line":47,"column":12},"end":{"line":47,"column":18}},"13":{"start":{"line":50,"column":12},"end":{"line":51,"column":33}},"14":{"start":{"line":52,"column":12},"end":{"line":52,"column":18}},"15":{"start":{"line":55,"column":8},"end":{"line":55,"column":35}},"16":{"start":{"line":61,"column":4},"end":{"line":63,"column":9}},"17":{"start":{"line":62,"column":8},"end":{"line":62,"column":15}},"18":{"start":{"line":64,"column":4},"end":{"line":77,"column":5}},"19":{"start":{"line":70,"column":8},"end":{"line":70,"column":14}},"20":{"start":{"line":76,"column":8},"end":{"line":76,"column":14}},"21":{"start":{"line":82,"column":4},"end":{"line":84,"column":9}},"22":{"start":{"line":83,"column":8},"end":{"line":83,"column":15}},"23":{"start":{"line":85,"column":4},"end":{"line":194,"column":5}},"24":{"start":{"line":91,"column":8},"end":{"line":99,"column":10}},"25":{"start":{"line":98,"column":12},"end":{"line":98,"column":35}},"26":{"start":{"line":102,"column":8},"end":{"line":104,"column":63}},"27":{"start":{"line":105,"column":8},"end":{"line":105,"column":14}},"28":{"start":{"line":112,"column":8},"end":{"line":121,"column":10},"skip":true},"29":{"start":{"line":119,"column":12},"end":{"line":119,"column":55},"skip":true},"30":{"start":{"line":120,"column":12},"end":{"line":120,"column":48},"skip":true},"31":{"start":{"line":123,"column":8},"end":{"line":136,"column":10},"skip":true},"32":{"start":{"line":130,"column":12},"end":{"line":130,"column":76},"skip":true},"33":{"start":{"line":131,"column":12},"end":{"line":131,"column":73},"skip":true},"34":{"start":{"line":132,"column":12},"end":{"line":132,"column":74},"skip":true},"35":{"start":{"line":133,"column":12},"end":{"line":133,"column":79},"skip":true},"36":{"start":{"line":134,"column":12},"end":{"line":134,"column":25},"skip":true},"37":{"start":{"line":135,"column":12},"end":{"line":135,"column":45},"skip":true},"38":{"start":{"line":138,"column":8},"end":{"line":145,"column":14},"skip":true},"39":{"start":{"line":143,"column":16},"end":{"line":143,"column":29},"skip":true},"40":{"start":{"line":144,"column":16},"end":{"line":144,"column":55},"skip":true},"41":{"start":{"line":147,"column":8},"end":{"line":156,"column":10},"skip":true},"42":{"start":{"line":154,"column":12},"end":{"line":154,"column":25},"skip":true},"43":{"start":{"line":155,"column":12},"end":{"line":155,"column":45},"skip":true},"44":{"start":{"line":158,"column":8},"end":{"line":167,"column":10},"skip":true},"45":{"start":{"line":165,"column":12},"end":{"line":165,"column":25},"skip":true},"46":{"start":{"line":166,"column":12},"end":{"line":166,"column":48},"skip":true},"47":{"start":{"line":169,"column":8},"end":{"line":178,"column":10},"skip":true},"48":{"start":{"line":176,"column":12},"end":{"line":176,"column":25},"skip":true},"49":{"start":{"line":177,"column":12},"end":{"line":177,"column":46},"skip":true},"50":{"start":{"line":180,"column":8},"end":{"line":189,"column":10},"skip":true},"51":{"start":{"line":187,"column":12},"end":{"line":187,"column":94},"skip":true},"52":{"start":{"line":188,"column":12},"end":{"line":188,"column":48},"skip":true},"53":{"start":{"line":192,"column":8},"end":{"line":192,"column":35},"skip":true},"54":{"start":{"line":193,"column":8},"end":{"line":193,"column":14},"skip":true}},"branchMap":{"1":{"line":25,"type":"binary-expr","locations":[{"start":{"line":25,"column":23},"end":{"line":25,"column":62}},{"start":{"line":26,"column":20},"end":{"line":26,"column":70}},{"start":{"line":27,"column":20},"end":{"line":27,"column":71}},{"start":{"line":28,"column":20},"end":{"line":28,"column":29}}]},"2":{"line":30,"type":"binary-expr","locations":[{"start":{"line":30,"column":23},"end":{"line":30,"column":37}},{"start":{"line":31,"column":20},"end":{"line":31,"column":61}},{"start":{"line":32,"column":20},"end":{"line":32,"column":70}},{"start":{"line":33,"column":20},"end":{"line":33,"column":26}}]},"3":{"line":37,"type":"cond-expr","locations":[{"start":{"line":38,"column":14},"end":{"line":38,"column":20}},{"start":{"line":39,"column":14},"end":{"line":39,"column":20}}]},"4":{"line":40,"type":"switch","locations":[{"start":{"line":42,"column":8},"end":{"line":47,"column":18}},{"start":{"line":49,"column":8},"end":{"line":52,"column":18}}]},"5":{"line":44,"type":"binary-expr","locations":[{"start":{"line":44,"column":16},"end":{"line":44,"column":44}},{"start":{"line":44,"column":48},"end":{"line":44,"column":66}}]},"6":{"line":50,"type":"binary-expr","locations":[{"start":{"line":50,"column":21},"end":{"line":50,"column":49}},{"start":{"line":50,"column":53},"end":{"line":50,"column":72}}]},"7":{"line":64,"type":"switch","locations":[{"start":{"line":69,"column":4},"end":{"line":70,"column":14}},{"start":{"line":75,"column":4},"end":{"line":76,"column":14}}]},"8":{"line":85,"type":"switch","locations":[{"start":{"line":90,"column":4},"end":{"line":105,"column":14}},{"start":{"line":111,"column":4},"end":{"line":193,"column":14},"skip":true}]},"9":{"line":91,"type":"binary-expr","locations":[{"start":{"line":91,"column":42},"end":{"line":91,"column":73}},{"start":{"line":91,"column":77},"end":{"line":99,"column":9}}]},"10":{"line":102,"type":"binary-expr","locations":[{"start":{"line":102,"column":18},"end":{"line":102,"column":32}},{"start":{"line":103,"column":12},"end":{"line":103,"column":53}},{"start":{"line":104,"column":12},"end":{"line":104,"column":61}}]},"11":{"line":112,"type":"binary-expr","locations":[{"start":{"line":112,"column":45},"end":{"line":112,"column":79},"skip":true},{"start":{"line":112,"column":83},"end":{"line":121,"column":9},"skip":true}]},"12":{"line":123,"type":"binary-expr","locations":[{"start":{"line":123,"column":42},"end":{"line":123,"column":73},"skip":true},{"start":{"line":123,"column":77},"end":{"line":136,"column":9},"skip":true}]},"13":{"line":138,"type":"binary-expr","locations":[{"start":{"line":138,"column":48},"end":{"line":138,"column":85},"skip":true},{"start":{"line":139,"column":12},"end":{"line":145,"column":13},"skip":true}]},"14":{"line":147,"type":"binary-expr","locations":[{"start":{"line":147,"column":42},"end":{"line":147,"column":73},"skip":true},{"start":{"line":147,"column":77},"end":{"line":156,"column":9},"skip":true}]},"15":{"line":158,"type":"binary-expr","locations":[{"start":{"line":158,"column":45},"end":{"line":158,"column":79},"skip":true},{"start":{"line":158,"column":83},"end":{"line":167,"column":9},"skip":true}]},"16":{"line":169,"type":"binary-expr","locations":[{"start":{"line":169,"column":43},"end":{"line":169,"column":75},"skip":true},{"start":{"line":169,"column":79},"end":{"line":178,"column":9},"skip":true}]},"17":{"line":180,"type":"binary-expr","locations":[{"start":{"line":180,"column":41},"end":{"line":180,"column":71},"skip":true},{"start":{"line":180,"column":75},"end":{"line":189,"column":9},"skip":true}]}},"code":["/* istanbul instrument in package npmtest_ip_address */","/*jslint","    bitwise: true,","    browser: true,","    maxerr: 8,","    maxlen: 96,","    node: true,","    nomen: true,","    regexp: true,","    stupid: true","*/","(function () {","    'use strict';","    var local;","","","","    // run shared js-env code - pre-init","    (function () {","        // init local","        local = {};","        // init modeJs","        local.modeJs = (function () {","            try {","                return typeof navigator.userAgent === 'string' &&","                    typeof document.querySelector('body') === 'object' &&","                    typeof XMLHttpRequest.prototype.open === 'function' &&","                    'browser';","            } catch (errorCaughtBrowser) {","                return module.exports &&","                    typeof process.versions.node === 'string' &&","                    typeof require('http').createServer === 'function' &&","                    'node';","            }","        }());","        // init global","        local.global = local.modeJs === 'browser'","            ? window","            : global;","        switch (local.modeJs) {","        // re-init local from window.local","        case 'browser':","            local = local.global.utility2.objectSetDefault(","                local.global.utility2_rollup || local.global.local,","                local.global.utility2","            );","            break;","        // re-init local from example.js","        case 'node':","            local = (local.global.utility2_rollup || require('utility2'))","                .requireReadme();","            break;","        }","        // export local","        local.global.local = local;","    }());","","","","    // run shared js-env code - function","    (function () {","        return;","    }());","    switch (local.modeJs) {","","","","    // run browser js-env code - function","    case 'browser':","        break;","","","","    // run node js-env code - function","    case 'node':","        break;","    }","","","","    // run shared js-env code - post-init","    (function () {","        return;","    }());","    switch (local.modeJs) {","","","","    // run browser js-env code - post-init","    case 'browser':","        local.testCase_browser_nullCase = local.testCase_browser_nullCase || function (","            options,","            onError","        ) {","        /*","         * this function will test browsers's null-case handling-behavior-behavior","         */","            onError(null, options);","        };","","        // run tests","        local.nop(local.modeTest &&","            document.querySelector('#testRunButton1') &&","            document.querySelector('#testRunButton1').click());","        break;","","","","    // run node js-env code - post-init","    /* istanbul ignore next */","    case 'node':","        local.testCase_buildApidoc_default = local.testCase_buildApidoc_default || function (","            options,","            onError","        ) {","        /*","         * this function will test buildApidoc's default handling-behavior-behavior","         */","            options = { modulePathList: module.paths };","            local.buildApidoc(options, onError);","        };","","        local.testCase_buildApp_default = local.testCase_buildApp_default || function (","            options,","            onError","        ) {","        /*","         * this function will test buildApp's default handling-behavior-behavior","         */","            local.testCase_buildReadme_default(options, local.onErrorThrow);","            local.testCase_buildLib_default(options, local.onErrorThrow);","            local.testCase_buildTest_default(options, local.onErrorThrow);","            local.testCase_buildCustomOrg_default(options, local.onErrorThrow);","            options = [];","            local.buildApp(options, onError);","        };","","        local.testCase_buildCustomOrg_default = local.testCase_buildCustomOrg_default ||","            function (options, onError) {","            /*","             * this function will test buildCustomOrg's default handling-behavior","             */","                options = {};","                local.buildCustomOrg(options, onError);","            };","","        local.testCase_buildLib_default = local.testCase_buildLib_default || function (","            options,","            onError","        ) {","        /*","         * this function will test buildLib's default handling-behavior","         */","            options = {};","            local.buildLib(options, onError);","        };","","        local.testCase_buildReadme_default = local.testCase_buildReadme_default || function (","            options,","            onError","        ) {","        /*","         * this function will test buildReadme's default handling-behavior-behavior","         */","            options = {};","            local.buildReadme(options, onError);","        };","","        local.testCase_buildTest_default = local.testCase_buildTest_default || function (","            options,","            onError","        ) {","        /*","         * this function will test buildTest's default handling-behavior","         */","            options = {};","            local.buildTest(options, onError);","        };","","        local.testCase_webpage_default = local.testCase_webpage_default || function (","            options,","            onError","        ) {","        /*","         * this function will test webpage's default handling-behavior","         */","            options = { modeCoverageMerge: true, url: local.serverLocalHost + '?modeTest=1' };","            local.browserTest(options, onError);","        };","","        // run test-server","        local.testRunServer(local);","        break;","    }","}());",""],"l":{"12":2,"14":2,"19":2,"21":2,"23":2,"24":2,"25":2,"30":1,"37":2,"40":2,"43":1,"47":1,"50":1,"52":1,"55":2,"61":2,"62":2,"64":2,"70":1,"76":1,"82":2,"83":2,"85":2,"91":1,"98":1,"102":1,"105":1,"112":1,"119":1,"120":1,"123":1,"130":1,"131":1,"132":1,"133":1,"134":1,"135":1,"138":1,"143":2,"144":2,"147":1,"154":2,"155":2,"158":1,"165":2,"166":2,"169":1,"176":2,"177":2,"180":1,"187":1,"188":1,"192":1,"193":1}},"/home/travis/build/npmtest/node-npmtest-ip-address/lib.npmtest_ip_address.js":{"path":"/home/travis/build/npmtest/node-npmtest-ip-address/lib.npmtest_ip_address.js","s":{"1":2,"2":2,"3":2,"4":2,"5":2,"6":2,"7":2,"8":1,"9":2,"10":2,"11":2,"12":2,"13":1,"14":1,"15":1,"16":1},"b":{"1":[2,1,1,1],"2":[1,1,1,1],"3":[1,1],"4":[2,2],"5":[1,1]},"f":{"1":2,"2":2,"3":2},"fnMap":{"1":{"name":"(anonymous_1)","line":12,"loc":{"start":{"line":12,"column":1},"end":{"line":12,"column":13}}},"2":{"name":"(anonymous_2)","line":19,"loc":{"start":{"line":19,"column":5},"end":{"line":19,"column":17}}},"3":{"name":"(anonymous_3)","line":23,"loc":{"start":{"line":23,"column":24},"end":{"line":23,"column":36}}}},"statementMap":{"1":{"start":{"line":12,"column":0},"end":{"line":53,"column":5}},"2":{"start":{"line":14,"column":4},"end":{"line":14,"column":14}},"3":{"start":{"line":19,"column":4},"end":{"line":52,"column":9}},"4":{"start":{"line":21,"column":8},"end":{"line":21,"column":19}},"5":{"start":{"line":23,"column":8},"end":{"line":35,"column":13}},"6":{"start":{"line":24,"column":12},"end":{"line":34,"column":13}},"7":{"start":{"line":25,"column":16},"end":{"line":28,"column":30}},"8":{"start":{"line":30,"column":16},"end":{"line":33,"column":27}},"9":{"start":{"line":37,"column":8},"end":{"line":39,"column":21}},"10":{"start":{"line":41,"column":8},"end":{"line":41,"column":54}},"11":{"start":{"line":43,"column":8},"end":{"line":43,"column":55}},"12":{"start":{"line":45,"column":8},"end":{"line":51,"column":9}},"13":{"start":{"line":46,"column":12},"end":{"line":46,"column":61}},"14":{"start":{"line":48,"column":12},"end":{"line":48,"column":35}},"15":{"start":{"line":49,"column":12},"end":{"line":49,"column":49}},"16":{"start":{"line":50,"column":12},"end":{"line":50,"column":43}}},"branchMap":{"1":{"line":25,"type":"binary-expr","locations":[{"start":{"line":25,"column":23},"end":{"line":25,"column":62}},{"start":{"line":26,"column":20},"end":{"line":26,"column":70}},{"start":{"line":27,"column":20},"end":{"line":27,"column":71}},{"start":{"line":28,"column":20},"end":{"line":28,"column":29}}]},"2":{"line":30,"type":"binary-expr","locations":[{"start":{"line":30,"column":23},"end":{"line":30,"column":37}},{"start":{"line":31,"column":20},"end":{"line":31,"column":61}},{"start":{"line":32,"column":20},"end":{"line":32,"column":70}},{"start":{"line":33,"column":20},"end":{"line":33,"column":26}}]},"3":{"line":37,"type":"cond-expr","locations":[{"start":{"line":38,"column":14},"end":{"line":38,"column":20}},{"start":{"line":39,"column":14},"end":{"line":39,"column":20}}]},"4":{"line":41,"type":"binary-expr","locations":[{"start":{"line":41,"column":16},"end":{"line":41,"column":44}},{"start":{"line":41,"column":48},"end":{"line":41,"column":53}}]},"5":{"line":45,"type":"if","locations":[{"start":{"line":45,"column":8},"end":{"line":45,"column":8}},{"start":{"line":45,"column":8},"end":{"line":45,"column":8}}]}},"code":["/* istanbul instrument in package npmtest_ip_address */","/*jslint","    bitwise: true,","    browser: true,","    maxerr: 8,","    maxlen: 96,","    node: true,","    nomen: true,","    regexp: true,","    stupid: true","*/","(function () {","    'use strict';","    var local;","","","","    // run shared js-env code - pre-init","    (function () {","        // init local","        local = {};","        // init modeJs","        local.modeJs = (function () {","            try {","                return typeof navigator.userAgent === 'string' &&","                    typeof document.querySelector('body') === 'object' &&","                    typeof XMLHttpRequest.prototype.open === 'function' &&","                    'browser';","            } catch (errorCaughtBrowser) {","                return module.exports &&","                    typeof process.versions.node === 'string' &&","                    typeof require('http').createServer === 'function' &&","                    'node';","            }","        }());","        // init global","        local.global = local.modeJs === 'browser'","            ? window","            : global;","        // init utility2_rollup","        local = local.global.utility2_rollup || local;","        // init lib","        local.local = local.npmtest_ip_address = local;","        // init exports","        if (local.modeJs === 'browser') {","            local.global.utility2_npmtest_ip_address = local;","        } else {","            module.exports = local;","            module.exports.__dirname = __dirname;","            module.exports.module = module;","        }","    }());","}());",""],"l":{"12":2,"14":2,"19":2,"21":2,"23":2,"24":2,"25":2,"30":1,"37":2,"41":2,"43":2,"45":2,"46":1,"48":1,"49":1,"50":1}},"/home/travis/build/npmtest/node-npmtest-ip-address/example.js":{"path":"/home/travis/build/npmtest/node-npmtest-ip-address/example.js","s":{"1":2,"2":2,"3":2,"4":2,"5":2,"6":2,"7":2,"8":1,"9":2,"10":2,"11":2,"12":2,"13":1,"14":2,"15":2,"16":2,"17":2,"18":2,"19":0,"20":2,"21":1,"22":1,"23":1,"24":1,"25":1,"26":0,"27":0,"28":1,"29":1,"30":2,"31":0,"32":0,"33":0,"34":1,"35":2,"36":2,"37":3,"38":3,"39":3,"40":3,"41":0,"42":3,"43":3,"44":3,"45":1,"46":3,"47":1,"48":1,"49":1,"50":1,"51":1,"52":1,"53":1,"54":1,"55":1,"56":1,"57":0,"58":1,"59":6,"60":6,"61":1,"62":2,"63":0,"64":2,"65":1,"66":1,"67":0,"68":0,"69":0,"70":0,"71":0,"72":0,"73":0,"74":0,"75":0,"76":0,"77":0,"78":0,"79":0,"80":0,"81":0,"82":0,"83":0},"b":{"1":[2,1,1,1],"2":[1,1,1,1],"3":[1,1],"4":[2,2],"5":[1,1],"6":[1,1],"7":[2,0],"8":[2,1,1,1,1,1],"9":[0,2,0],"10":[1,1],"11":[2,1,1],"12":[1,0],"13":[0,2],"14":[2,0,0,0,0,0,0],"15":[0,3],"16":[3,0],"17":[1,1],"18":[0,1],"19":[1,2,0,2],"20":[1,0],"21":[1,1],"22":[0,0],"23":[0,0],"24":[0,0],"25":[0,0],"26":[0,0],"27":[0,0],"28":[0,0]},"f":{"1":2,"2":2,"3":2,"4":2,"5":2,"6":2,"7":3,"8":3,"9":3,"10":1,"11":6,"12":0},"fnMap":{"1":{"name":"(anonymous_1)","line":26,"loc":{"start":{"line":26,"column":1},"end":{"line":26,"column":13}}},"2":{"name":"(anonymous_2)","line":33,"loc":{"start":{"line":33,"column":5},"end":{"line":33,"column":17}}},"3":{"name":"(anonymous_3)","line":37,"loc":{"start":{"line":37,"column":24},"end":{"line":37,"column":36}}},"4":{"name":"(anonymous_4)","line":69,"loc":{"start":{"line":69,"column":31},"end":{"line":69,"column":48}},"skip":true},"5":{"name":"(anonymous_5)","line":78,"loc":{"start":{"line":78,"column":26},"end":{"line":78,"column":45}},"skip":true},"6":{"name":"(anonymous_6)","line":123,"loc":{"start":{"line":123,"column":33},"end":{"line":123,"column":48}},"skip":true},"7":{"name":"(anonymous_7)","line":125,"loc":{"start":{"line":125,"column":27},"end":{"line":125,"column":39}},"skip":true},"8":{"name":"(anonymous_8)","line":133,"loc":{"start":{"line":133,"column":59},"end":{"line":133,"column":74}},"skip":true},"9":{"name":"(anonymous_9)","line":143,"loc":{"start":{"line":143,"column":45},"end":{"line":143,"column":62}},"skip":true},"10":{"name":"(anonymous_10)","line":144,"loc":{"start":{"line":144,"column":73},"end":{"line":144,"column":92}},"skip":true},"11":{"name":"(anonymous_11)","line":272,"loc":{"start":{"line":272,"column":51},"end":{"line":272,"column":77}},"skip":true},"12":{"name":"(anonymous_12)","line":315,"loc":{"start":{"line":315,"column":32},"end":{"line":315,"column":61}},"skip":true}},"statementMap":{"1":{"start":{"line":26,"column":0},"end":{"line":326,"column":5}},"2":{"start":{"line":28,"column":4},"end":{"line":28,"column":14}},"3":{"start":{"line":33,"column":4},"end":{"line":60,"column":9}},"4":{"start":{"line":35,"column":8},"end":{"line":35,"column":19}},"5":{"start":{"line":37,"column":8},"end":{"line":49,"column":13}},"6":{"start":{"line":38,"column":12},"end":{"line":48,"column":13}},"7":{"start":{"line":39,"column":16},"end":{"line":42,"column":30}},"8":{"start":{"line":44,"column":16},"end":{"line":47,"column":27}},"9":{"start":{"line":51,"column":8},"end":{"line":53,"column":21}},"10":{"start":{"line":55,"column":8},"end":{"line":57,"column":45}},"11":{"start":{"line":59,"column":8},"end":{"line":59,"column":35}},"12":{"start":{"line":61,"column":4},"end":{"line":325,"column":5}},"13":{"start":{"line":69,"column":8},"end":{"line":121,"column":10},"skip":true},"14":{"start":{"line":70,"column":12},"end":{"line":88,"column":13},"skip":true},"15":{"start":{"line":76,"column":16},"end":{"line":87,"column":19},"skip":true},"16":{"start":{"line":79,"column":20},"end":{"line":86,"column":21},"skip":true},"17":{"start":{"line":82,"column":24},"end":{"line":82,"column":43},"skip":true},"18":{"start":{"line":83,"column":24},"end":{"line":83,"column":30},"skip":true},"19":{"start":{"line":85,"column":24},"end":{"line":85,"column":49},"skip":true},"20":{"start":{"line":89,"column":12},"end":{"line":107,"column":13},"skip":true},"21":{"start":{"line":92,"column":16},"end":{"line":102,"column":17},"skip":true},"22":{"start":{"line":93,"column":20},"end":{"line":93,"column":86},"skip":true},"23":{"start":{"line":94,"column":20},"end":{"line":95,"column":45},"skip":true},"24":{"start":{"line":96,"column":20},"end":{"line":96,"column":42},"skip":true},"25":{"start":{"line":97,"column":20},"end":{"line":97,"column":48},"skip":true},"26":{"start":{"line":100,"column":20},"end":{"line":100,"column":85},"skip":true},"27":{"start":{"line":101,"column":20},"end":{"line":101,"column":96},"skip":true},"28":{"start":{"line":103,"column":16},"end":{"line":103,"column":22},"skip":true},"29":{"start":{"line":106,"column":16},"end":{"line":106,"column":22},"skip":true},"30":{"start":{"line":108,"column":12},"end":{"line":120,"column":13},"skip":true},"31":{"start":{"line":114,"column":16},"end":{"line":119,"column":17},"skip":true},"32":{"start":{"line":116,"column":20},"end":{"line":116,"column":78},"skip":true},"33":{"start":{"line":118,"column":20},"end":{"line":118,"column":47},"skip":true},"34":{"start":{"line":123,"column":8},"end":{"line":141,"column":11},"skip":true},"35":{"start":{"line":124,"column":12},"end":{"line":124,"column":54},"skip":true},"36":{"start":{"line":125,"column":12},"end":{"line":140,"column":14},"skip":true},"37":{"start":{"line":126,"column":16},"end":{"line":126,"column":28},"skip":true},"38":{"start":{"line":127,"column":16},"end":{"line":127,"column":69},"skip":true},"39":{"start":{"line":128,"column":16},"end":{"line":128,"column":75},"skip":true},"40":{"start":{"line":129,"column":16},"end":{"line":131,"column":17},"skip":true},"41":{"start":{"line":130,"column":20},"end":{"line":130,"column":27},"skip":true},"42":{"start":{"line":133,"column":16},"end":{"line":137,"column":36},"skip":true},"43":{"start":{"line":134,"column":20},"end":{"line":136,"column":55},"skip":true},"44":{"start":{"line":139,"column":16},"end":{"line":139,"column":57},"skip":true},"45":{"start":{"line":143,"column":8},"end":{"line":147,"column":11},"skip":true},"46":{"start":{"line":144,"column":12},"end":{"line":146,"column":15},"skip":true},"47":{"start":{"line":145,"column":16},"end":{"line":145,"column":70},"skip":true},"48":{"start":{"line":149,"column":8},"end":{"line":149,"column":31},"skip":true},"49":{"start":{"line":150,"column":8},"end":{"line":150,"column":14},"skip":true},"50":{"start":{"line":158,"column":8},"end":{"line":158,"column":31},"skip":true},"51":{"start":{"line":160,"column":8},"end":{"line":160,"column":33},"skip":true},"52":{"start":{"line":161,"column":8},"end":{"line":161,"column":37},"skip":true},"53":{"start":{"line":162,"column":8},"end":{"line":162,"column":35},"skip":true},"54":{"start":{"line":164,"column":8},"end":{"line":164,"column":50},"skip":true},"55":{"start":{"line":166,"column":8},"end":{"line":256,"column":2},"skip":true},"56":{"start":{"line":258,"column":8},"end":{"line":286,"column":9},"skip":true},"57":{"start":{"line":259,"column":12},"end":{"line":269,"column":14},"skip":true},"58":{"start":{"line":271,"column":12},"end":{"line":285,"column":19},"skip":true},"59":{"start":{"line":274,"column":20},"end":{"line":274,"column":35},"skip":true},"60":{"start":{"line":275,"column":20},"end":{"line":284,"column":21},"skip":true},"61":{"start":{"line":277,"column":24},"end":{"line":277,"column":64},"skip":true},"62":{"start":{"line":279,"column":24},"end":{"line":279,"column":40},"skip":true},"63":{"start":{"line":281,"column":24},"end":{"line":281,"column":40},"skip":true},"64":{"start":{"line":283,"column":24},"end":{"line":283,"column":39},"skip":true},"65":{"start":{"line":288,"column":8},"end":{"line":290,"column":9},"skip":true},"66":{"start":{"line":289,"column":12},"end":{"line":289,"column":18},"skip":true},"67":{"start":{"line":291,"column":8},"end":{"line":293,"column":54},"skip":true},"68":{"start":{"line":296,"column":8},"end":{"line":301,"column":37},"skip":true},"69":{"start":{"line":303,"column":8},"end":{"line":303,"column":82},"skip":true},"70":{"start":{"line":306,"column":8},"end":{"line":308,"column":9},"skip":true},"71":{"start":{"line":307,"column":12},"end":{"line":307,"column":82},"skip":true},"72":{"start":{"line":310,"column":8},"end":{"line":312,"column":9},"skip":true},"73":{"start":{"line":311,"column":12},"end":{"line":311,"column":18},"skip":true},"74":{"start":{"line":313,"column":8},"end":{"line":313,"column":54},"skip":true},"75":{"start":{"line":314,"column":8},"end":{"line":314,"column":69},"skip":true},"76":{"start":{"line":315,"column":8},"end":{"line":323,"column":36},"skip":true},"77":{"start":{"line":316,"column":12},"end":{"line":316,"column":61},"skip":true},"78":{"start":{"line":317,"column":12},"end":{"line":320,"column":13},"skip":true},"79":{"start":{"line":318,"column":16},"end":{"line":318,"column":75},"skip":true},"80":{"start":{"line":319,"column":16},"end":{"line":319,"column":23},"skip":true},"81":{"start":{"line":321,"column":12},"end":{"line":321,"column":38},"skip":true},"82":{"start":{"line":322,"column":12},"end":{"line":322,"column":27},"skip":true},"83":{"start":{"line":324,"column":8},"end":{"line":324,"column":14},"skip":true}},"branchMap":{"1":{"line":39,"type":"binary-expr","locations":[{"start":{"line":39,"column":23},"end":{"line":39,"column":62}},{"start":{"line":40,"column":20},"end":{"line":40,"column":70}},{"start":{"line":41,"column":20},"end":{"line":41,"column":71}},{"start":{"line":42,"column":20},"end":{"line":42,"column":29}}]},"2":{"line":44,"type":"binary-expr","locations":[{"start":{"line":44,"column":23},"end":{"line":44,"column":37}},{"start":{"line":45,"column":20},"end":{"line":45,"column":61}},{"start":{"line":46,"column":20},"end":{"line":46,"column":70}},{"start":{"line":47,"column":20},"end":{"line":47,"column":26}}]},"3":{"line":51,"type":"cond-expr","locations":[{"start":{"line":52,"column":14},"end":{"line":52,"column":20}},{"start":{"line":53,"column":14},"end":{"line":53,"column":20}}]},"4":{"line":55,"type":"binary-expr","locations":[{"start":{"line":55,"column":16},"end":{"line":55,"column":44}},{"start":{"line":55,"column":49},"end":{"line":57,"column":43}}]},"5":{"line":55,"type":"cond-expr","locations":[{"start":{"line":56,"column":14},"end":{"line":56,"column":54}},{"start":{"line":57,"column":14},"end":{"line":57,"column":43}}]},"6":{"line":61,"type":"switch","locations":[{"start":{"line":68,"column":4},"end":{"line":150,"column":14},"skip":true},{"start":{"line":156,"column":4},"end":{"line":324,"column":14},"skip":true}]},"7":{"line":70,"type":"if","locations":[{"start":{"line":70,"column":12},"end":{"line":70,"column":12},"skip":true},{"start":{"line":70,"column":12},"end":{"line":70,"column":12},"skip":true}]},"8":{"line":70,"type":"binary-expr","locations":[{"start":{"line":70,"column":16},"end":{"line":70,"column":22},"skip":true},{"start":{"line":70,"column":27},"end":{"line":70,"column":32},"skip":true},{"start":{"line":71,"column":20},"end":{"line":71,"column":39},"skip":true},{"start":{"line":72,"column":20},"end":{"line":72,"column":49},"skip":true},{"start":{"line":73,"column":20},"end":{"line":73,"column":58},"skip":true},{"start":{"line":74,"column":20},"end":{"line":74,"column":69},"skip":true}]},"9":{"line":79,"type":"switch","locations":[{"start":{"line":80,"column":20},"end":{"line":80,"column":33},"skip":true},{"start":{"line":81,"column":20},"end":{"line":83,"column":30},"skip":true},{"start":{"line":84,"column":20},"end":{"line":85,"column":49},"skip":true}]},"10":{"line":89,"type":"switch","locations":[{"start":{"line":90,"column":12},"end":{"line":103,"column":22},"skip":true},{"start":{"line":105,"column":12},"end":{"line":106,"column":22},"skip":true}]},"11":{"line":89,"type":"binary-expr","locations":[{"start":{"line":89,"column":20},"end":{"line":89,"column":25},"skip":true},{"start":{"line":89,"column":29},"end":{"line":89,"column":48},"skip":true},{"start":{"line":89,"column":52},"end":{"line":89,"column":74},"skip":true}]},"12":{"line":92,"type":"if","locations":[{"start":{"line":92,"column":16},"end":{"line":92,"column":16},"skip":true},{"start":{"line":92,"column":16},"end":{"line":92,"column":16},"skip":true}]},"13":{"line":108,"type":"if","locations":[{"start":{"line":108,"column":12},"end":{"line":108,"column":12},"skip":true},{"start":{"line":108,"column":12},"end":{"line":108,"column":12},"skip":true}]},"14":{"line":108,"type":"binary-expr","locations":[{"start":{"line":108,"column":16},"end":{"line":108,"column":61},"skip":true},{"start":{"line":108,"column":66},"end":{"line":108,"column":72},"skip":true},{"start":{"line":108,"column":77},"end":{"line":108,"column":82},"skip":true},{"start":{"line":109,"column":20},"end":{"line":109,"column":39},"skip":true},{"start":{"line":110,"column":20},"end":{"line":110,"column":49},"skip":true},{"start":{"line":111,"column":20},"end":{"line":111,"column":58},"skip":true},{"start":{"line":112,"column":20},"end":{"line":112,"column":68},"skip":true}]},"15":{"line":129,"type":"if","locations":[{"start":{"line":129,"column":16},"end":{"line":129,"column":16},"skip":true},{"start":{"line":129,"column":16},"end":{"line":129,"column":16},"skip":true}]},"16":{"line":134,"type":"cond-expr","locations":[{"start":{"line":135,"column":26},"end":{"line":135,"column":29},"skip":true},{"start":{"line":136,"column":26},"end":{"line":136,"column":54},"skip":true}]},"17":{"line":164,"type":"binary-expr","locations":[{"start":{"line":164,"column":27},"end":{"line":164,"column":43},"skip":true},{"start":{"line":164,"column":47},"end":{"line":164,"column":49},"skip":true}]},"18":{"line":258,"type":"if","locations":[{"start":{"line":258,"column":8},"end":{"line":258,"column":8},"skip":true},{"start":{"line":258,"column":8},"end":{"line":258,"column":8},"skip":true}]},"19":{"line":275,"type":"switch","locations":[{"start":{"line":276,"column":20},"end":{"line":277,"column":64},"skip":true},{"start":{"line":278,"column":20},"end":{"line":279,"column":40},"skip":true},{"start":{"line":280,"column":20},"end":{"line":281,"column":40},"skip":true},{"start":{"line":282,"column":20},"end":{"line":283,"column":39},"skip":true}]},"20":{"line":288,"type":"if","locations":[{"start":{"line":288,"column":8},"end":{"line":288,"column":8},"skip":true},{"start":{"line":288,"column":8},"end":{"line":288,"column":8},"skip":true}]},"21":{"line":288,"type":"binary-expr","locations":[{"start":{"line":288,"column":12},"end":{"line":288,"column":40},"skip":true},{"start":{"line":288,"column":44},"end":{"line":288,"column":67},"skip":true}]},"22":{"line":292,"type":"binary-expr","locations":[{"start":{"line":292,"column":12},"end":{"line":292,"column":50},"skip":true},{"start":{"line":293,"column":12},"end":{"line":293,"column":53},"skip":true}]},"23":{"line":297,"type":"binary-expr","locations":[{"start":{"line":297,"column":12},"end":{"line":297,"column":68},"skip":true},{"start":{"line":298,"column":12},"end":{"line":301,"column":36},"skip":true}]},"24":{"line":303,"type":"binary-expr","locations":[{"start":{"line":303,"column":43},"end":{"line":303,"column":75},"skip":true},{"start":{"line":303,"column":79},"end":{"line":303,"column":81},"skip":true}]},"25":{"line":306,"type":"if","locations":[{"start":{"line":306,"column":8},"end":{"line":306,"column":8},"skip":true},{"start":{"line":306,"column":8},"end":{"line":306,"column":8},"skip":true}]},"26":{"line":310,"type":"if","locations":[{"start":{"line":310,"column":8},"end":{"line":310,"column":8},"skip":true},{"start":{"line":310,"column":8},"end":{"line":310,"column":8},"skip":true}]},"27":{"line":313,"type":"binary-expr","locations":[{"start":{"line":313,"column":27},"end":{"line":313,"column":43},"skip":true},{"start":{"line":313,"column":47},"end":{"line":313,"column":53},"skip":true}]},"28":{"line":317,"type":"if","locations":[{"start":{"line":317,"column":12},"end":{"line":317,"column":12},"skip":true},{"start":{"line":317,"column":12},"end":{"line":317,"column":12},"skip":true}]}},"code":["/*","example.js","","quickstart example","","instruction","    1. save this script as example.js","    2. run the shell command:","        $ npm install npmtest-ip-address && PORT=8081 node example.js","    3. play with the browser-demo on http://127.0.0.1:8081","*/","","","","/* istanbul instrument in package npmtest_ip_address */","/*jslint","    bitwise: true,","    browser: true,","    maxerr: 8,","    maxlen: 96,","    node: true,","    nomen: true,","    regexp: true,","    stupid: true","*/","(function () {","    'use strict';","    var local;","","","","    // run shared js-env code - pre-init","    (function () {","        // init local","        local = {};","        // init modeJs","        local.modeJs = (function () {","            try {","                return typeof navigator.userAgent === 'string' &&","                    typeof document.querySelector('body') === 'object' &&","                    typeof XMLHttpRequest.prototype.open === 'function' &&","                    'browser';","            } catch (errorCaughtBrowser) {","                return module.exports &&","                    typeof process.versions.node === 'string' &&","                    typeof require('http').createServer === 'function' &&","                    'node';","            }","        }());","        // init global","        local.global = local.modeJs === 'browser'","            ? window","            : global;","        // init utility2_rollup","        local = local.global.utility2_rollup || (local.modeJs === 'browser'","            ? local.global.utility2_npmtest_ip_address","            : global.utility2_moduleExports);","        // export local","        local.global.local = local;","    }());","    switch (local.modeJs) {","","","","    // post-init","    // run browser js-env code - post-init","    /* istanbul ignore next */","    case 'browser':","        local.testRunBrowser = function (event) {","            if (!event || (event &&","                    event.currentTarget &&","                    event.currentTarget.className &&","                    event.currentTarget.className.includes &&","                    event.currentTarget.className.includes('onreset'))) {","                // reset output","                Array.from(","                    document.querySelectorAll('body > .resettable')","                ).forEach(function (element) {","                    switch (element.tagName) {","                    case 'INPUT':","                    case 'TEXTAREA':","                        element.value = '';","                        break;","                    default:","                        element.textContent = '';","                    }","                });","            }","            switch (event && event.currentTarget && event.currentTarget.id) {","            case 'testRunButton1':","                // show tests","                if (document.querySelector('#testReportDiv1').style.display === 'none') {","                    document.querySelector('#testReportDiv1').style.display = 'block';","                    document.querySelector('#testRunButton1').textContent =","                        'hide internal test';","                    local.modeTest = true;","                    local.testRunDefault(local);","                // hide tests","                } else {","                    document.querySelector('#testReportDiv1').style.display = 'none';","                    document.querySelector('#testRunButton1').textContent = 'run internal test';","                }","                break;","            // custom-case","            default:","                break;","            }","            if (document.querySelector('#inputTextareaEval1') && (!event || (event &&","                    event.currentTarget &&","                    event.currentTarget.className &&","                    event.currentTarget.className.includes &&","                    event.currentTarget.className.includes('oneval')))) {","                // try to eval input-code","                try {","                    /*jslint evil: true*/","                    eval(document.querySelector('#inputTextareaEval1').value);","                } catch (errorCaught) {","                    console.error(errorCaught);","                }","            }","        };","        // log stderr and stdout to #outputTextareaStdout1","        ['error', 'log'].forEach(function (key) {","            console[key + '_original'] = console[key];","            console[key] = function () {","                var element;","                console[key + '_original'].apply(console, arguments);","                element = document.querySelector('#outputTextareaStdout1');","                if (!element) {","                    return;","                }","                // append text to #outputTextareaStdout1","                element.value += Array.from(arguments).map(function (arg) {","                    return typeof arg === 'string'","                        ? arg","                        : JSON.stringify(arg, null, 4);","                }).join(' ') + '\\n';","                // scroll textarea to bottom","                element.scrollTop = element.scrollHeight;","            };","        });","        // init event-handling","        ['change', 'click', 'keyup'].forEach(function (event) {","            Array.from(document.querySelectorAll('.on' + event)).forEach(function (element) {","                element.addEventListener(event, local.testRunBrowser);","            });","        });","        // run tests","        local.testRunBrowser();","        break;","","","","    // run node js-env code - post-init","    /* istanbul ignore next */","    case 'node':","        // export local","        module.exports = local;","        // require modules","        local.fs = require('fs');","        local.http = require('http');","        local.url = require('url');","        // init assets","        local.assetsDict = local.assetsDict || {};","        /* jslint-ignore-begin */","        local.assetsDict['/assets.index.template.html'] = '\\","<!doctype html>\\n\\","<html lang=\"en\">\\n\\","<head>\\n\\","<meta charset=\"UTF-8\">\\n\\","<meta name=\"viewport\" content=\"width=device-width, initial-scale=1\">\\n\\","<title>{{env.npm_package_name}} (v{{env.npm_package_version}})</title>\\n\\","<style>\\n\\","/*csslint\\n\\","    box-sizing: false,\\n\\","    universal-selector: false\\n\\","*/\\n\\","* {\\n\\","    box-sizing: border-box;\\n\\","}\\n\\","body {\\n\\","    background: #dde;\\n\\","    font-family: Arial, Helvetica, sans-serif;\\n\\","    margin: 2rem;\\n\\","}\\n\\","body > * {\\n\\","    margin-bottom: 1rem;\\n\\","}\\n\\",".utility2FooterDiv {\\n\\","    margin-top: 20px;\\n\\","    text-align: center;\\n\\","}\\n\\","</style>\\n\\","<style>\\n\\","/*csslint\\n\\","*/\\n\\","textarea {\\n\\","    font-family: monospace;\\n\\","    height: 10rem;\\n\\","    width: 100%;\\n\\","}\\n\\","textarea[readonly] {\\n\\","    background: #ddd;\\n\\","}\\n\\","</style>\\n\\","</head>\\n\\","<body>\\n\\","<!-- utility2-comment\\n\\","<div id=\"ajaxProgressDiv1\" style=\"background: #d00; height: 2px; left: 0; margin: 0; padding: 0; position: fixed; top: 0; transition: background 0.5s, width 1.5s; width: 25%;\"></div>\\n\\","utility2-comment -->\\n\\","<h1>\\n\\","<!-- utility2-comment\\n\\","    <a\\n\\","        {{#if env.npm_package_homepage}}\\n\\","        href=\"{{env.npm_package_homepage}}\"\\n\\","        {{/if env.npm_package_homepage}}\\n\\","        target=\"_blank\"\\n\\","    >\\n\\","utility2-comment -->\\n\\","        {{env.npm_package_name}} (v{{env.npm_package_version}})\\n\\","<!-- utility2-comment\\n\\","    </a>\\n\\","utility2-comment -->\\n\\","</h1>\\n\\","<h3>{{env.npm_package_description}}</h3>\\n\\","<!-- utility2-comment\\n\\","<h4><a download href=\"assets.app.js\">download standalone app</a></h4>\\n\\","<button class=\"onclick onreset\" id=\"testRunButton1\">run internal test</button><br>\\n\\","<div id=\"testReportDiv1\" style=\"display: none;\"></div>\\n\\","utility2-comment -->\\n\\","\\n\\","\\n\\","\\n\\","<label>stderr and stdout</label>\\n\\","<textarea class=\"resettable\" id=\"outputTextareaStdout1\" readonly></textarea>\\n\\","<!-- utility2-comment\\n\\","{{#if isRollup}}\\n\\","<script src=\"assets.app.js\"></script>\\n\\","{{#unless isRollup}}\\n\\","utility2-comment -->\\n\\","<script src=\"assets.utility2.rollup.js\"></script>\\n\\","<script src=\"jsonp.utility2._stateInit?callback=window.utility2._stateInit\"></script>\\n\\","<script src=\"assets.npmtest_ip_address.rollup.js\"></script>\\n\\","<script src=\"assets.example.js\"></script>\\n\\","<script src=\"assets.test.js\"></script>\\n\\","<!-- utility2-comment\\n\\","{{/if isRollup}}\\n\\","utility2-comment -->\\n\\","<div class=\"utility2FooterDiv\">\\n\\","    [ this app was created with\\n\\","    <a href=\"https://github.com/kaizhu256/node-utility2\" target=\"_blank\">utility2</a>\\n\\","    ]\\n\\","</div>\\n\\","</body>\\n\\","</html>\\n\\","';","        /* jslint-ignore-end */","        if (local.templateRender) {","            local.assetsDict['/'] = local.templateRender(","                local.assetsDict['/assets.index.template.html'],","                {","                    env: local.objectSetDefault(local.env, {","                        npm_package_description: 'the greatest app in the world!',","                        npm_package_name: 'my-app',","                        npm_package_nameAlias: 'my_app',","                        npm_package_version: '0.0.1'","                    })","                }","            );","        } else {","            local.assetsDict['/'] = local.assetsDict['/assets.index.template.html']","                .replace((/\\{\\{env\\.(\\w+?)\\}\\}/g), function (match0, match1) {","                    // jslint-hack","                    String(match0);","                    switch (match1) {","                    case 'npm_package_description':","                        return 'the greatest app in the world!';","                    case 'npm_package_name':","                        return 'my-app';","                    case 'npm_package_nameAlias':","                        return 'my_app';","                    case 'npm_package_version':","                        return '0.0.1';","                    }","                });","        }","        // run the cli","        if (local.global.utility2_rollup || module !== require.main) {","            break;","        }","        local.assetsDict['/assets.example.js'] =","            local.assetsDict['/assets.example.js'] ||","            local.fs.readFileSync(__filename, 'utf8');","        // bug-workaround - long $npm_package_buildCustomOrg","        /* jslint-ignore-begin */","        local.assetsDict['/assets.npmtest_ip_address.rollup.js'] =","            local.assetsDict['/assets.npmtest_ip_address.rollup.js'] ||","            local.fs.readFileSync(","                local.npmtest_ip_address.__dirname + '/lib.npmtest_ip_address.js',","                'utf8'","            ).replace((/^#!/), '//');","        /* jslint-ignore-end */","        local.assetsDict['/favicon.ico'] = local.assetsDict['/favicon.ico'] || '';","        // if $npm_config_timeout_exit exists,","        // then exit this process after $npm_config_timeout_exit ms","        if (Number(process.env.npm_config_timeout_exit)) {","            setTimeout(process.exit, Number(process.env.npm_config_timeout_exit));","        }","        // start server","        if (local.global.utility2_serverHttp1) {","            break;","        }","        process.env.PORT = process.env.PORT || '8081';","        console.error('server starting on port ' + process.env.PORT);","        local.http.createServer(function (request, response) {","            request.urlParsed = local.url.parse(request.url);","            if (local.assetsDict[request.urlParsed.pathname] !== undefined) {","                response.end(local.assetsDict[request.urlParsed.pathname]);","                return;","            }","            response.statusCode = 404;","            response.end();","        }).listen(process.env.PORT);","        break;","    }","}());",""],"l":{"26":2,"28":2,"33":2,"35":2,"37":2,"38":2,"39":2,"44":1,"51":2,"55":2,"59":2,"61":2,"69":1,"70":2,"76":2,"79":2,"82":2,"83":2,"85":1,"89":2,"92":1,"93":1,"94":1,"96":1,"97":1,"100":1,"101":1,"103":1,"106":1,"108":2,"114":1,"116":1,"118":1,"123":1,"124":2,"125":2,"126":3,"127":3,"128":3,"129":3,"130":1,"133":3,"134":3,"139":3,"143":1,"144":3,"145":1,"149":1,"150":1,"158":1,"160":1,"161":1,"162":1,"164":1,"166":1,"258":1,"259":1,"271":1,"274":6,"275":6,"277":1,"279":2,"281":1,"283":2,"288":1,"289":1,"291":1,"296":1,"303":1,"306":1,"307":1,"310":1,"311":1,"313":1,"314":1,"315":1,"316":1,"317":1,"318":1,"319":1,"321":1,"322":1,"324":1}},"/home/travis/build/npmtest/node-npmtest-ip-address/node_modules/ip-address/ip-address.js":{"path":"/home/travis/build/npmtest/node-npmtest-ip-address/node_modules/ip-address/ip-address.js","s":{"1":1,"2":1,"3":1},"b":{},"f":{},"fnMap":{},"statementMap":{"1":{"start":{"line":3,"column":0},"end":{"line":3,"column":44}},"2":{"start":{"line":4,"column":0},"end":{"line":4,"column":44}},"3":{"start":{"line":6,"column":0},"end":{"line":8,"column":2}}},"branchMap":{},"code":["'use strict';","","exports.Address4 = require('./lib/ipv4.js');","exports.Address6 = require('./lib/ipv6.js');","","exports.v6 = {","  helpers: require('./lib/v6/helpers.js')","};",""],"l":{"3":1,"4":1,"6":1}},"/home/travis/build/npmtest/node-npmtest-ip-address/node_modules/ip-address/lib/ipv4.js":{"path":"/home/travis/build/npmtest/node-npmtest-ip-address/node_modules/ip-address/lib/ipv4.js","s":{"1":1,"2":1,"3":1,"4":1,"5":1,"6":1,"7":1,"8":1,"9":0,"10":0,"11":0,"12":0,"13":0,"14":0,"15":0,"16":0,"17":0,"18":0,"19":0,"20":0,"21":0,"22":0,"23":0,"24":0,"25":0,"26":0,"27":1,"28":0,"29":0,"30":0,"31":0,"32":0,"33":1,"34":0,"35":1,"36":0,"37":0,"38":1,"39":1,"40":0,"41":0,"42":0,"43":0,"44":0,"45":0,"46":0,"47":1,"48":0,"49":1,"50":0,"51":0,"52":1,"53":0,"54":0,"55":1,"56":0,"57":0,"58":0,"59":0,"60":0,"61":0,"62":1,"63":1,"64":0,"65":0,"66":0,"67":0,"68":1,"69":0,"70":0,"71":1,"72":0,"73":0,"74":1,"75":0,"76":1,"77":0,"78":0,"79":0,"80":1,"81":0,"82":1,"83":1,"84":0,"85":1},"b":{"1":[0,0],"2":[0,0],"3":[0,0],"4":[0,0],"5":[0,0],"6":[0,0]},"f":{"1":0,"2":0,"3":0,"4":0,"5":0,"6":0,"7":0,"8":0,"9":0,"10":0,"11":0,"12":0,"13":0,"14":0,"15":0,"16":0,"17":0,"18":0,"19":0,"20":0},"fnMap":{"1":{"name":"Address4","line":17,"loc":{"start":{"line":17,"column":0},"end":{"line":17,"column":27}}},"2":{"name":"(anonymous_2)","line":52,"loc":{"start":{"line":52,"column":27},"end":{"line":52,"column":46}}},"3":{"name":"(anonymous_3)","line":70,"loc":{"start":{"line":70,"column":29},"end":{"line":70,"column":41}}},"4":{"name":"(anonymous_4)","line":80,"loc":{"start":{"line":80,"column":33},"end":{"line":80,"column":45}}},"5":{"name":"(anonymous_5)","line":81,"loc":{"start":{"line":81,"column":32},"end":{"line":81,"column":48}}},"6":{"name":"(anonymous_6)","line":101,"loc":{"start":{"line":101,"column":19},"end":{"line":101,"column":34}}},"7":{"name":"(anonymous_7)","line":122,"loc":{"start":{"line":122,"column":23},"end":{"line":122,"column":42}}},"8":{"name":"(anonymous_8)","line":132,"loc":{"start":{"line":132,"column":27},"end":{"line":132,"column":39}}},"9":{"name":"(anonymous_9)","line":133,"loc":{"start":{"line":133,"column":32},"end":{"line":133,"column":48}}},"10":{"name":"(anonymous_10)","line":144,"loc":{"start":{"line":144,"column":29},"end":{"line":144,"column":41}}},"11":{"name":"(anonymous_11)","line":145,"loc":{"start":{"line":145,"column":32},"end":{"line":145,"column":48}}},"12":{"name":"(anonymous_12)","line":156,"loc":{"start":{"line":156,"column":30},"end":{"line":156,"column":42}}},"13":{"name":"(anonymous_13)","line":181,"loc":{"start":{"line":181,"column":32},"end":{"line":181,"column":44}}},"14":{"name":"(anonymous_14)","line":186,"loc":{"start":{"line":186,"column":47},"end":{"line":186,"column":60}}},"15":{"name":"(anonymous_15)","line":198,"loc":{"start":{"line":198,"column":34},"end":{"line":198,"column":46}}},"16":{"name":"(anonymous_16)","line":212,"loc":{"start":{"line":212,"column":32},"end":{"line":212,"column":44}}},"17":{"name":"(anonymous_17)","line":226,"loc":{"start":{"line":226,"column":26},"end":{"line":226,"column":48}}},"18":{"name":"(anonymous_18)","line":237,"loc":{"start":{"line":237,"column":26},"end":{"line":237,"column":50}}},"19":{"name":"(anonymous_19)","line":251,"loc":{"start":{"line":251,"column":34},"end":{"line":251,"column":56}}},"20":{"name":"(anonymous_20)","line":269,"loc":{"start":{"line":269,"column":35},"end":{"line":269,"column":47}}}},"statementMap":{"1":{"start":{"line":3,"column":0},"end":{"line":3,"column":44}},"2":{"start":{"line":4,"column":0},"end":{"line":4,"column":36}},"3":{"start":{"line":5,"column":0},"end":{"line":5,"column":42}},"4":{"start":{"line":6,"column":0},"end":{"line":6,"column":38}},"5":{"start":{"line":7,"column":0},"end":{"line":7,"column":44}},"6":{"start":{"line":8,"column":0},"end":{"line":8,"column":42}},"7":{"start":{"line":10,"column":0},"end":{"line":10,"column":45}},"8":{"start":{"line":17,"column":0},"end":{"line":47,"column":1}},"9":{"start":{"line":18,"column":2},"end":{"line":18,"column":21}},"10":{"start":{"line":19,"column":2},"end":{"line":19,"column":25}},"11":{"start":{"line":20,"column":2},"end":{"line":20,"column":33}},"12":{"start":{"line":22,"column":2},"end":{"line":22,"column":17}},"13":{"start":{"line":24,"column":2},"end":{"line":24,"column":22}},"14":{"start":{"line":25,"column":2},"end":{"line":25,"column":23}},"15":{"start":{"line":27,"column":2},"end":{"line":27,"column":56}},"16":{"start":{"line":29,"column":2},"end":{"line":42,"column":3}},"17":{"start":{"line":30,"column":4},"end":{"line":30,"column":51}},"18":{"start":{"line":31,"column":4},"end":{"line":31,"column":54}},"19":{"start":{"line":32,"column":4},"end":{"line":32,"column":40}},"20":{"start":{"line":34,"column":4},"end":{"line":39,"column":5}},"21":{"start":{"line":35,"column":6},"end":{"line":35,"column":25}},"22":{"start":{"line":36,"column":6},"end":{"line":36,"column":42}},"23":{"start":{"line":38,"column":6},"end":{"line":38,"column":13}},"24":{"start":{"line":41,"column":4},"end":{"line":41,"column":62}},"25":{"start":{"line":44,"column":2},"end":{"line":44,"column":36}},"26":{"start":{"line":46,"column":2},"end":{"line":46,"column":43}},"27":{"start":{"line":52,"column":0},"end":{"line":62,"column":2}},"28":{"start":{"line":53,"column":2},"end":{"line":53,"column":34}},"29":{"start":{"line":55,"column":2},"end":{"line":59,"column":3}},"30":{"start":{"line":56,"column":4},"end":{"line":56,"column":22}},"31":{"start":{"line":58,"column":4},"end":{"line":58,"column":41}},"32":{"start":{"line":61,"column":2},"end":{"line":61,"column":16}},"33":{"start":{"line":70,"column":0},"end":{"line":72,"column":2}},"34":{"start":{"line":71,"column":2},"end":{"line":71,"column":20}},"35":{"start":{"line":80,"column":0},"end":{"line":84,"column":2}},"36":{"start":{"line":81,"column":2},"end":{"line":83,"column":15}},"37":{"start":{"line":82,"column":4},"end":{"line":82,"column":30}},"38":{"start":{"line":92,"column":0},"end":{"line":92,"column":64}},"39":{"start":{"line":101,"column":0},"end":{"line":113,"column":2}},"40":{"start":{"line":102,"column":2},"end":{"line":102,"column":55}},"41":{"start":{"line":103,"column":2},"end":{"line":103,"column":18}},"42":{"start":{"line":104,"column":2},"end":{"line":104,"column":8}},"43":{"start":{"line":106,"column":2},"end":{"line":110,"column":3}},"44":{"start":{"line":107,"column":4},"end":{"line":107,"column":35}},"45":{"start":{"line":109,"column":4},"end":{"line":109,"column":33}},"46":{"start":{"line":112,"column":2},"end":{"line":112,"column":40}},"47":{"start":{"line":122,"column":0},"end":{"line":124,"column":2}},"48":{"start":{"line":123,"column":2},"end":{"line":123,"column":48}},"49":{"start":{"line":132,"column":0},"end":{"line":136,"column":2}},"50":{"start":{"line":133,"column":2},"end":{"line":135,"column":15}},"51":{"start":{"line":134,"column":4},"end":{"line":134,"column":47}},"52":{"start":{"line":144,"column":0},"end":{"line":148,"column":2}},"53":{"start":{"line":145,"column":2},"end":{"line":147,"column":5}},"54":{"start":{"line":146,"column":4},"end":{"line":146,"column":30}},"55":{"start":{"line":156,"column":0},"end":{"line":169,"column":2}},"56":{"start":{"line":157,"column":2},"end":{"line":157,"column":18}},"57":{"start":{"line":158,"column":2},"end":{"line":158,"column":8}},"58":{"start":{"line":160,"column":2},"end":{"line":166,"column":3}},"59":{"start":{"line":161,"column":4},"end":{"line":163,"column":47}},"60":{"start":{"line":165,"column":4},"end":{"line":165,"column":50}},"61":{"start":{"line":168,"column":2},"end":{"line":168,"column":26}},"62":{"start":{"line":171,"column":0},"end":{"line":173,"column":62}},"63":{"start":{"line":181,"column":0},"end":{"line":189,"column":2}},"64":{"start":{"line":182,"column":2},"end":{"line":184,"column":3}},"65":{"start":{"line":183,"column":4},"end":{"line":183,"column":16}},"66":{"start":{"line":186,"column":2},"end":{"line":188,"column":19}},"67":{"start":{"line":187,"column":4},"end":{"line":187,"column":44}},"68":{"start":{"line":198,"column":0},"end":{"line":203,"column":2}},"69":{"start":{"line":199,"column":2},"end":{"line":200,"column":52}},"70":{"start":{"line":202,"column":2},"end":{"line":202,"column":47}},"71":{"start":{"line":212,"column":0},"end":{"line":217,"column":2}},"72":{"start":{"line":213,"column":2},"end":{"line":214,"column":52}},"73":{"start":{"line":216,"column":2},"end":{"line":216,"column":45}},"74":{"start":{"line":226,"column":0},"end":{"line":228,"column":2}},"75":{"start":{"line":227,"column":2},"end":{"line":227,"column":67}},"76":{"start":{"line":237,"column":0},"end":{"line":243,"column":2}},"77":{"start":{"line":238,"column":2},"end":{"line":240,"column":3}},"78":{"start":{"line":239,"column":4},"end":{"line":239,"column":35}},"79":{"start":{"line":242,"column":2},"end":{"line":242,"column":44}},"80":{"start":{"line":251,"column":0},"end":{"line":253,"column":2}},"81":{"start":{"line":252,"column":2},"end":{"line":252,"column":48}},"82":{"start":{"line":261,"column":0},"end":{"line":261,"column":50}},"83":{"start":{"line":269,"column":0},"end":{"line":271,"column":2}},"84":{"start":{"line":270,"column":2},"end":{"line":270,"column":70}},"85":{"start":{"line":273,"column":0},"end":{"line":273,"column":26}}},"branchMap":{"1":{"line":29,"type":"if","locations":[{"start":{"line":29,"column":2},"end":{"line":29,"column":2}},{"start":{"line":29,"column":2},"end":{"line":29,"column":2}}]},"2":{"line":34,"type":"if","locations":[{"start":{"line":34,"column":4},"end":{"line":34,"column":4}},{"start":{"line":34,"column":4},"end":{"line":34,"column":4}}]},"3":{"line":34,"type":"binary-expr","locations":[{"start":{"line":34,"column":8},"end":{"line":34,"column":27}},{"start":{"line":34,"column":31},"end":{"line":34,"column":63}}]},"4":{"line":55,"type":"if","locations":[{"start":{"line":55,"column":2},"end":{"line":55,"column":2}},{"start":{"line":55,"column":2},"end":{"line":55,"column":2}}]},"5":{"line":182,"type":"if","locations":[{"start":{"line":182,"column":2},"end":{"line":182,"column":2}},{"start":{"line":182,"column":2},"end":{"line":182,"column":2}}]},"6":{"line":238,"type":"if","locations":[{"start":{"line":238,"column":2},"end":{"line":238,"column":2}},{"start":{"line":238,"column":2},"end":{"line":238,"column":2}}]}},"code":["'use strict';","","var BigInteger = require('jsbn').BigInteger;","var common = require('./common.js');","var padStart = require('lodash.padstart');","var repeat = require('lodash.repeat');","var sprintf = require('sprintf-js').sprintf;","var deprecate = require('util-deprecate');","","var constants = require('./v4/constants.js');","","/**"," * Represents an IPv4 address"," * @class Address4"," * @param {string} address - An IPv4 address string"," */","function Address4(address) {","  this.valid = false;","  this.address = address;","  this.groups = constants.GROUPS;","","  this.v4 = true;","","  this.subnet = '/32';","  this.subnetMask = 32;","","  var subnet = constants.RE_SUBNET_STRING.exec(address);","","  if (subnet) {","    this.parsedSubnet = subnet[0].replace('/', '');","    this.subnetMask = parseInt(this.parsedSubnet, 10);","    this.subnet = '/' + this.subnetMask;","","    if (this.subnetMask < 0 || this.subnetMask > constants.BITS) {","      this.valid = false;","      this.error = 'Invalid subnet mask.';","","      return;","    }","","    address = address.replace(constants.RE_SUBNET_STRING, '');","  }","","  this.addressMinusSuffix = address;","","  this.parsedAddress = this.parse(address);","}","","/*"," * Parses a v4 address"," */","Address4.prototype.parse = function (address) {","  var groups = address.split('.');","","  if (address.match(constants.RE_ADDRESS)) {","    this.valid = true;","  } else {","    this.error = 'Invalid IPv4 address.';","  }","","  return groups;","};","","/**"," * Return true if the address is valid"," * @memberof Address4"," * @instance"," * @returns {Boolean}"," */","Address4.prototype.isValid = function () {","  return this.valid;","};","","/**"," * Returns the correct form of an address"," * @memberof Address4"," * @instance"," * @returns {String}"," */","Address4.prototype.correctForm = function () {","  return this.parsedAddress.map(function (part) {","    return parseInt(part, 10);","  }).join('.');","};","","/**"," * Returns true if the address is correct, false otherwise"," * @memberof Address4"," * @instance"," * @returns {Boolean}"," */","Address4.prototype.isCorrect = common.isCorrect(constants.BITS);","","/**"," * Converts a hex string to an IPv4 address object"," * @memberof Address4"," * @static"," * @param {string} hex - a hex string to convert"," * @returns {Address4}"," */","Address4.fromHex = function (hex) {","  var padded = padStart(hex.replace(/:/g, ''), 8, '0');","  var groups = [];","  var i;","","  for (i = 0; i < 8; i += 2) {","    var h = padded.slice(i, i + 2);","","    groups.push(parseInt(h, 16));","  }","","  return new Address4(groups.join('.'));","};","","/**"," * Converts an integer into a IPv4 address object"," * @memberof Address4"," * @static"," * @param {integer} integer - a number to convert"," * @returns {Address4}"," */","Address4.fromInteger = function (integer) {","  return Address4.fromHex(integer.toString(16));","};","","/**"," * Converts an IPv4 address object to a hex string"," * @memberof Address4"," * @instance"," * @returns {String}"," */","Address4.prototype.toHex = function () {","  return this.parsedAddress.map(function (part) {","    return sprintf('%02x', parseInt(part, 10));","  }).join(':');","};","","/**"," * Converts an IPv4 address object to an array of bytes"," * @memberof Address4"," * @instance"," * @returns {Array}"," */","Address4.prototype.toArray = function () {","  return this.parsedAddress.map(function (part) {","    return parseInt(part, 10);","  });","};","","/**"," * Converts an IPv4 address object to an IPv6 address group"," * @memberof Address4"," * @instance"," * @returns {String}"," */","Address4.prototype.toGroup6 = function () {","  var output = [];","  var i;","","  for (i = 0; i < constants.GROUPS; i += 2) {","    var hex = sprintf('%02x%02x',","      parseInt(this.parsedAddress[i], 10),","      parseInt(this.parsedAddress[i + 1], 10));","","    output.push(sprintf('%x', parseInt(hex, 16)));","  }","","  return output.join(':');","};","","Address4.prototype.toV6Group =","  deprecate(Address4.prototype.toGroup6,","    'deprecated: `toV6Group` has been renamed to `toGroup6`');","","/**"," * Returns the address as a BigInteger"," * @memberof Address4"," * @instance"," * @returns {BigInteger}"," */","Address4.prototype.bigInteger = function () {","  if (!this.valid) {","    return null;","  }","","  return new BigInteger(this.parsedAddress.map(function (n) {","    return sprintf('%02x', parseInt(n, 10));","  }).join(''), 16);","};","","/**"," * The first address in the range given by this address' subnet."," * Often referred to as the Network Address."," * @memberof Address4"," * @instance"," * @returns {Address4}"," */","Address4.prototype.startAddress = function () {","  var startAddress = new BigInteger(this.mask() +","    repeat(0, constants.BITS - this.subnetMask), 2);","","  return Address4.fromBigInteger(startAddress);","};","","/**"," * The last address in the range given by this address' subnet"," * Often referred to as the Broadcast"," * @memberof Address4"," * @instance"," * @returns {Address4}"," */","Address4.prototype.endAddress = function () {","  var endAddress = new BigInteger(this.mask() +","    repeat(1, constants.BITS - this.subnetMask), 2);","","  return Address4.fromBigInteger(endAddress);","};","","/**"," * Converts a BigInteger to a v4 address object"," * @memberof Address4"," * @static"," * @param {BigInteger} bigInteger - a BigInteger to convert"," * @returns {Address4}"," */","Address4.fromBigInteger = function (bigInteger) {","  return Address4.fromInteger(parseInt(bigInteger.toString(), 10));","};","","/**"," * Returns the first n bits of the address, defaulting to the"," * subnet mask"," * @memberof Address4"," * @instance"," * @returns {String}"," */","Address4.prototype.mask = function (optionalMask) {","  if (optionalMask === undefined) {","    optionalMask = this.subnetMask;","  }","","  return this.getBitsBase2(0, optionalMask);","};","","/**"," * Returns the bits in the given range as a base-2 string"," * @memberof Address4"," * @instance"," * @returns {string}"," */","Address4.prototype.getBitsBase2 = function (start, end) {","  return this.binaryZeroPad().slice(start, end);","};","","/**"," * Returns true if the given address is in the subnet of the current address"," * @memberof Address4"," * @instance"," * @returns {boolean}"," */","Address4.prototype.isInSubnet = common.isInSubnet;","","/**"," * Returns a zero-padded base-2 string representation of the address"," * @memberof Address4"," * @instance"," * @returns {string}"," */","Address4.prototype.binaryZeroPad = function () {","  return padStart(this.bigInteger().toString(2), constants.BITS, '0');","};","","module.exports = Address4;",""],"l":{"3":1,"4":1,"5":1,"6":1,"7":1,"8":1,"10":1,"17":1,"18":0,"19":0,"20":0,"22":0,"24":0,"25":0,"27":0,"29":0,"30":0,"31":0,"32":0,"34":0,"35":0,"36":0,"38":0,"41":0,"44":0,"46":0,"52":1,"53":0,"55":0,"56":0,"58":0,"61":0,"70":1,"71":0,"80":1,"81":0,"82":0,"92":1,"101":1,"102":0,"103":0,"104":0,"106":0,"107":0,"109":0,"112":0,"122":1,"123":0,"132":1,"133":0,"134":0,"144":1,"145":0,"146":0,"156":1,"157":0,"158":0,"160":0,"161":0,"165":0,"168":0,"171":1,"181":1,"182":0,"183":0,"186":0,"187":0,"198":1,"199":0,"202":0,"212":1,"213":0,"216":0,"226":1,"227":0,"237":1,"238":0,"239":0,"242":0,"251":1,"252":0,"261":1,"269":1,"270":0,"273":1}},"/home/travis/build/npmtest/node-npmtest-ip-address/node_modules/ip-address/lib/common.js":{"path":"/home/travis/build/npmtest/node-npmtest-ip-address/node_modules/ip-address/lib/common.js","s":{"1":1,"2":10,"3":0,"4":0,"5":0,"6":1,"7":0,"8":0,"9":0,"10":0,"11":0,"12":1,"13":2,"14":0,"15":0,"16":0,"17":0,"18":0},"b":{"1":[0,0],"2":[0,0],"3":[0,0],"4":[0,0],"5":[0,0],"6":[0,0]},"f":{"1":10,"2":0,"3":0,"4":2,"5":0},"fnMap":{"1":{"name":"(anonymous_1)","line":5,"loc":{"start":{"line":5,"column":46},"end":{"line":5,"column":60}}},"2":{"name":"(anonymous_2)","line":6,"loc":{"start":{"line":6,"column":9},"end":{"line":6,"column":21}}},"3":{"name":"(anonymous_3)","line":15,"loc":{"start":{"line":15,"column":36},"end":{"line":15,"column":55}}},"4":{"name":"(anonymous_4)","line":27,"loc":{"start":{"line":27,"column":20},"end":{"line":27,"column":43}}},"5":{"name":"(anonymous_5)","line":28,"loc":{"start":{"line":28,"column":24},"end":{"line":28,"column":36}}}},"statementMap":{"1":{"start":{"line":5,"column":0},"end":{"line":13,"column":2}},"2":{"start":{"line":6,"column":2},"end":{"line":12,"column":4}},"3":{"start":{"line":7,"column":4},"end":{"line":9,"column":5}},"4":{"start":{"line":8,"column":6},"end":{"line":8,"column":19}},"5":{"start":{"line":11,"column":4},"end":{"line":11,"column":37}},"6":{"start":{"line":15,"column":0},"end":{"line":25,"column":3}},"7":{"start":{"line":16,"column":2},"end":{"line":18,"column":3}},"8":{"start":{"line":17,"column":4},"end":{"line":17,"column":17}},"9":{"start":{"line":20,"column":2},"end":{"line":22,"column":3}},"10":{"start":{"line":21,"column":4},"end":{"line":21,"column":16}},"11":{"start":{"line":24,"column":2},"end":{"line":24,"column":15}},"12":{"start":{"line":27,"column":0},"end":{"line":39,"column":2}},"13":{"start":{"line":28,"column":2},"end":{"line":38,"column":5}},"14":{"start":{"line":29,"column":4},"end":{"line":31,"column":5}},"15":{"start":{"line":30,"column":6},"end":{"line":30,"column":19}},"16":{"start":{"line":33,"column":4},"end":{"line":35,"column":5}},"17":{"start":{"line":34,"column":6},"end":{"line":34,"column":18}},"18":{"start":{"line":37,"column":4},"end":{"line":37,"column":57}}},"branchMap":{"1":{"line":7,"type":"if","locations":[{"start":{"line":7,"column":4},"end":{"line":7,"column":4}},{"start":{"line":7,"column":4},"end":{"line":7,"column":4}}]},"2":{"line":16,"type":"if","locations":[{"start":{"line":16,"column":2},"end":{"line":16,"column":2}},{"start":{"line":16,"column":2},"end":{"line":16,"column":2}}]},"3":{"line":20,"type":"if","locations":[{"start":{"line":20,"column":2},"end":{"line":20,"column":2}},{"start":{"line":20,"column":2},"end":{"line":20,"column":2}}]},"4":{"line":29,"type":"if","locations":[{"start":{"line":29,"column":4},"end":{"line":29,"column":4}},{"start":{"line":29,"column":4},"end":{"line":29,"column":4}}]},"5":{"line":33,"type":"if","locations":[{"start":{"line":33,"column":4},"end":{"line":33,"column":4}},{"start":{"line":33,"column":4},"end":{"line":33,"column":4}}]},"6":{"line":33,"type":"binary-expr","locations":[{"start":{"line":33,"column":8},"end":{"line":33,"column":39}},{"start":{"line":33,"column":43},"end":{"line":33,"column":61}}]}},"code":["'use strict';","","// A wrapper function that returns false if the address is not valid; used to","// avoid boilerplate checks for `if (!this.valid) { return false; }`","var falseIfInvalid = exports.falseIfInvalid = function (fn) {","  return function () {","    if (!this.valid) {","      return false;","    }","","    return fn.apply(this, arguments);","  };","};","","exports.isInSubnet = falseIfInvalid(function (address) {","  if (this.subnetMask < address.subnetMask) {","    return false;","  }","","  if (this.mask(address.subnetMask) === address.mask()) {","    return true;","  }","","  return false;","});","","exports.isCorrect = function (defaultBits) {","  return falseIfInvalid(function () {","    if (this.addressMinusSuffix !== this.correctForm()) {","      return false;","    }","","    if (this.subnetMask === defaultBits && !this.parsedSubnet) {","      return true;","    }","","    return this.parsedSubnet === String(this.subnetMask);","  });","};",""],"l":{"5":1,"6":10,"7":0,"8":0,"11":0,"15":1,"16":0,"17":0,"20":0,"21":0,"24":0,"27":1,"28":2,"29":0,"30":0,"33":0,"34":0,"37":0}},"/home/travis/build/npmtest/node-npmtest-ip-address/node_modules/ip-address/lib/v4/constants.js":{"path":"/home/travis/build/npmtest/node-npmtest-ip-address/node_modules/ip-address/lib/v4/constants.js","s":{"1":1,"2":1,"3":1,"4":1},"b":{},"f":{},"fnMap":{},"statementMap":{"1":{"start":{"line":1,"column":0},"end":{"line":1,"column":18}},"2":{"start":{"line":2,"column":0},"end":{"line":2,"column":19}},"3":{"start":{"line":4,"column":0},"end":{"line":4,"column":185}},"4":{"start":{"line":6,"column":0},"end":{"line":6,"column":40}}},"branchMap":{},"code":["exports.BITS = 32;","exports.GROUPS = 4;","","exports.RE_ADDRESS = /^(25[0-5]|2[0-4][0-9]|[01]?[0-9][0-9]?)\\.(25[0-5]|2[0-4][0-9]|[01]?[0-9][0-9]?)\\.(25[0-5]|2[0-4][0-9]|[01]?[0-9][0-9]?)\\.(25[0-5]|2[0-4][0-9]|[01]?[0-9][0-9]?)$/g;","","exports.RE_SUBNET_STRING = /\\/\\d{1,2}$/;",""],"l":{"1":1,"2":1,"4":1,"6":1}},"/home/travis/build/npmtest/node-npmtest-ip-address/node_modules/ip-address/lib/ipv6.js":{"path":"/home/travis/build/npmtest/node-npmtest-ip-address/node_modules/ip-address/lib/ipv6.js","s":{"1":1,"2":1,"3":1,"4":1,"5":1,"6":1,"7":1,"8":1,"9":1,"10":1,"11":1,"12":1,"13":0,"14":0,"15":0,"16":0,"17":1,"18":0,"19":0,"20":0,"21":1,"22":0,"23":0,"24":0,"25":0,"26":0,"27":0,"28":0,"29":0,"30":0,"31":0,"32":0,"33":0,"34":0,"35":0,"36":0,"37":0,"38":0,"39":0,"40":0,"41":0,"42":0,"43":0,"44":0,"45":0,"46":0,"47":0,"48":0,"49":0,"50":1,"51":1,"52":1,"53":1,"54":0,"55":0,"56":0,"57":0,"58":0,"59":0,"60":1,"61":0,"62":0,"63":0,"64":0,"65":0,"66":0,"67":0,"68":0,"69":0,"70":0,"71":0,"72":0,"73":0,"74":0,"75":0,"76":0,"77":0,"78":0,"79":0,"80":0,"81":0,"82":0,"83":1,"84":0,"85":0,"86":0,"87":1,"88":0,"89":0,"90":0,"91":0,"92":0,"93":0,"94":0,"95":0,"96":0,"97":0,"98":0,"99":1,"100":0,"101":0,"102":0,"103":0,"104":0,"105":0,"106":0,"107":0,"108":0,"109":1,"110":0,"111":1,"112":0,"113":0,"114":0,"115":1,"116":0,"117":0,"118":0,"119":0,"120":0,"121":0,"122":0,"123":0,"124":1,"125":0,"126":0,"127":1,"128":0,"129":0,"130":1,"131":0,"132":0,"133":0,"134":0,"135":1,"136":0,"137":1,"138":0,"139":0,"140":1,"141":0,"142":1,"143":0,"144":1,"145":0,"146":0,"147":0,"148":0,"149":1,"150":0,"151":1,"152":0,"153":0,"154":0,"155":0,"156":0,"157":0,"158":0,"159":0,"160":0,"161":0,"162":0,"163":1,"164":0,"165":0,"166":0,"167":0,"168":0,"169":0,"170":0,"171":0,"172":0,"173":0,"174":0,"175":0,"176":0,"177":0,"178":0,"179":0,"180":0,"181":0,"182":0,"183":0,"184":0,"185":0,"186":0,"187":0,"188":0,"189":0,"190":0,"191":0,"192":0,"193":0,"194":1,"195":0,"196":1,"197":0,"198":0,"199":0,"200":0,"201":0,"202":0,"203":0,"204":0,"205":0,"206":0,"207":0,"208":0,"209":0,"210":0,"211":0,"212":1,"213":0,"214":0,"215":0,"216":0,"217":0,"218":0,"219":0,"220":0,"221":0,"222":0,"223":0,"224":0,"225":0,"226":0,"227":0,"228":0,"229":0,"230":0,"231":0,"232":0,"233":0,"234":0,"235":0,"236":0,"237":0,"238":0,"239":0,"240":0,"241":0,"242":0,"243":0,"244":0,"245":0,"246":0,"247":0,"248":0,"249":0,"250":0,"251":0,"252":0,"253":0,"254":0,"255":0,"256":0,"257":0,"258":0,"259":0,"260":0,"261":0,"262":0,"263":0,"264":0,"265":1,"266":0,"267":1,"268":0,"269":0,"270":0,"271":1,"272":0,"273":0,"274":0,"275":0,"276":1,"277":0,"278":0,"279":0,"280":1,"281":0,"282":0,"283":1,"284":1,"285":0,"286":0,"287":0,"288":0,"289":0,"290":0,"291":0,"292":1,"293":1,"294":0,"295":0,"296":0,"297":0,"298":0,"299":0,"300":0,"301":0,"302":0,"303":0,"304":0,"305":0,"306":1,"307":1,"308":0,"309":0,"310":0,"311":1,"312":1,"313":0,"314":0,"315":0,"316":0,"317":1,"318":1,"319":0,"320":0,"321":0,"322":0,"323":1,"324":0,"325":1,"326":0,"327":1,"328":0,"329":1,"330":0,"331":0,"332":0,"333":0,"334":0,"335":0,"336":0,"337":1},"b":{"1":[0,0],"2":[0,0],"3":[0,0],"4":[0,0,0],"5":[0,0],"6":[0,0],"7":[0,0],"8":[0,0],"9":[0,0],"10":[0,0],"11":[0,0],"12":[0,0],"13":[0,0],"14":[0,0],"15":[0,0],"16":[0,0],"17":[0,0],"18":[0,0],"19":[0,0],"20":[0,0],"21":[0,0],"22":[0,0],"23":[0,0],"24":[0,0],"25":[0,0],"26":[0,0],"27":[0,0],"28":[0,0],"29":[0,0],"30":[0,0],"31":[0,0],"32":[0,0],"33":[0,0],"34":[0,0],"35":[0,0],"36":[0,0],"37":[0,0],"38":[0,0],"39":[0,0],"40":[0,0],"41":[0,0],"42":[0,0],"43":[0,0],"44":[0,0],"45":[0,0],"46":[0,0],"47":[0,0],"48":[0,0],"49":[0,0],"50":[0,0],"51":[0,0],"52":[0,0],"53":[0,0],"54":[0,0],"55":[0,0],"56":[0,0],"57":[0,0]},"f":{"1":0,"2":0,"3":0,"4":0,"5":0,"6":0,"7":0,"8":0,"9":0,"10":0,"11":0,"12":0,"13":0,"14":0,"15":0,"16":0,"17":0,"18":0,"19":0,"20":0,"21":0,"22":0,"23":0,"24":0,"25":0,"26":0,"27":0,"28":0,"29":0,"30":0,"31":0,"32":0,"33":0,"34":0,"35":0,"36":0,"37":0,"38":0,"39":0,"40":0,"41":0,"42":0,"43":0,"44":0},"fnMap":{"1":{"name":"addCommas","line":17,"loc":{"start":{"line":17,"column":0},"end":{"line":17,"column":27}}},"2":{"name":"spanLeadingZeroes4","line":27,"loc":{"start":{"line":27,"column":0},"end":{"line":27,"column":31}}},"3":{"name":"Address6","line":42,"loc":{"start":{"line":42,"column":0},"end":{"line":42,"column":43}}},"4":{"name":"(anonymous_4)","line":110,"loc":{"start":{"line":110,"column":26},"end":{"line":110,"column":48}}},"5":{"name":"(anonymous_5)","line":133,"loc":{"start":{"line":133,"column":19},"end":{"line":133,"column":34}}},"6":{"name":"(anonymous_6)","line":204,"loc":{"start":{"line":204,"column":24},"end":{"line":204,"column":44}}},"7":{"name":"(anonymous_7)","line":222,"loc":{"start":{"line":222,"column":20},"end":{"line":222,"column":47}}},"8":{"name":"compact","line":250,"loc":{"start":{"line":250,"column":0},"end":{"line":250,"column":34}}},"9":{"name":"(anonymous_9)","line":272,"loc":{"start":{"line":272,"column":44},"end":{"line":272,"column":56}}},"10":{"name":"(anonymous_10)","line":284,"loc":{"start":{"line":284,"column":26},"end":{"line":284,"column":50}}},"11":{"name":"(anonymous_11)","line":300,"loc":{"start":{"line":300,"column":37},"end":{"line":300,"column":67}}},"12":{"name":"(anonymous_12)","line":322,"loc":{"start":{"line":322,"column":34},"end":{"line":322,"column":46}}},"13":{"name":"(anonymous_13)","line":335,"loc":{"start":{"line":335,"column":32},"end":{"line":335,"column":44}}},"14":{"name":"(anonymous_14)","line":348,"loc":{"start":{"line":348,"column":30},"end":{"line":348,"column":42}}},"15":{"name":"(anonymous_15)","line":365,"loc":{"start":{"line":365,"column":29},"end":{"line":365,"column":41}}},"16":{"name":"isType","line":368,"loc":{"start":{"line":368,"column":2},"end":{"line":368,"column":30}}},"17":{"name":"(anonymous_17)","line":381,"loc":{"start":{"line":381,"column":29},"end":{"line":381,"column":51}}},"18":{"name":"(anonymous_18)","line":391,"loc":{"start":{"line":391,"column":34},"end":{"line":391,"column":56}}},"19":{"name":"(anonymous_19)","line":401,"loc":{"start":{"line":401,"column":35},"end":{"line":401,"column":57}}},"20":{"name":"(anonymous_20)","line":417,"loc":{"start":{"line":417,"column":39},"end":{"line":417,"column":51}}},"21":{"name":"(anonymous_21)","line":429,"loc":{"start":{"line":429,"column":33},"end":{"line":429,"column":52}}},"22":{"name":"(anonymous_22)","line":464,"loc":{"start":{"line":464,"column":33},"end":{"line":464,"column":45}}},"23":{"name":"(anonymous_23)","line":497,"loc":{"start":{"line":497,"column":31},"end":{"line":497,"column":44}}},"24":{"name":"(anonymous_24)","line":535,"loc":{"start":{"line":535,"column":35},"end":{"line":535,"column":47}}},"25":{"name":"(anonymous_25)","line":540,"loc":{"start":{"line":540,"column":31},"end":{"line":540,"column":50}}},"26":{"name":
[...]
:1,"13":0,"14":0,"15":0,"16":1,"17":0,"18":0,"19":0,"20":0,"21":0,"22":0,"23":0},"b":{"1":[0,0],"2":[0,0],"3":[0,0]},"f":{"1":0,"2":0,"3":0,"4":0,"5":0,"6":0,"7":0,"8":0},"fnMap":{"1":{"name":"(anonymous_1)","line":8,"loc":{"start":{"line":8,"column":44},"end":{"line":8,"column":57}}},"2":{"name":"(anonymous_2)","line":15,"loc":{"start":{"line":15,"column":18},"end":{"line":15,"column":47}}},"3":{"name":"(anonymous_3)","line":22,"loc":{"start":{"line":22,"column":21},"end":{"line":22,"column":37}}},"4":{"name":"spanLeadingZeroesSimple","line":29,"loc":{"start":{"line":29,"column":0},"end":{"line":29,"column":40}}},"5":{"name":"(anonymous_5)","line":36,"loc":{"start":{"line":36,"column":28},"end":{"line":36,"column":47}}},"6":{"name":"(anonymous_6)","line":39,"loc":{"start":{"line":39,"column":20},"end":{"line":39,"column":33}}},"7":{"name":"(anonymous_7)","line":48,"loc":{"start":{"line":48,"column":22},"end":{"line":48,"column":55}}},"8":{"name":"(anonymous_8)","line":55,"loc":{"start":{"line":55,"column":20},"end":{"line":55,"column":36}}}},"statementMap":{"1":{"start":{"line":3,"column":0},"end":{"line":3,"column":44}},"2":{"start":{"line":8,"column":0},"end":{"line":10,"column":2}},"3":{"start":{"line":9,"column":2},"end":{"line":9,"column":60}},"4":{"start":{"line":15,"column":0},"end":{"line":27,"column":2}},"5":{"start":{"line":16,"column":2},"end":{"line":18,"column":3}},"6":{"start":{"line":17,"column":4},"end":{"line":17,"column":23}},"7":{"start":{"line":20,"column":2},"end":{"line":20,"column":28}},"8":{"start":{"line":22,"column":2},"end":{"line":26,"column":14}},"9":{"start":{"line":23,"column":4},"end":{"line":25,"column":24}},"10":{"start":{"line":29,"column":0},"end":{"line":31,"column":1}},"11":{"start":{"line":30,"column":2},"end":{"line":30,"column":64}},"12":{"start":{"line":36,"column":0},"end":{"line":42,"column":2}},"13":{"start":{"line":37,"column":2},"end":{"line":37,"column":34}},"14":{"start":{"line":39,"column":2},"end":{"line":41,"column":15}},"15":{"start":{"line":40,"column":4},"end":{"line":40,"column":38}},"16":{"start":{"line":48,"column":0},"end":{"line":64,"column":2}},"17":{"start":{"line":49,"column":2},"end":{"line":49,"column":40}},"18":{"start":{"line":51,"column":2},"end":{"line":53,"column":3}},"19":{"start":{"line":52,"column":4},"end":{"line":52,"column":15}},"20":{"start":{"line":55,"column":2},"end":{"line":63,"column":15}},"21":{"start":{"line":56,"column":4},"end":{"line":58,"column":5}},"22":{"start":{"line":57,"column":6},"end":{"line":57,"column":15}},"23":{"start":{"line":60,"column":4},"end":{"line":62,"column":34}}},"branchMap":{"1":{"line":16,"type":"if","locations":[{"start":{"line":16,"column":2},"end":{"line":16,"column":2}},{"start":{"line":16,"column":2},"end":{"line":16,"column":2}}]},"2":{"line":51,"type":"if","locations":[{"start":{"line":51,"column":2},"end":{"line":51,"column":2}},{"start":{"line":51,"column":2},"end":{"line":51,"column":2}}]},"3":{"line":56,"type":"if","locations":[{"start":{"line":56,"column":4},"end":{"line":56,"column":4}},{"start":{"line":56,"column":4},"end":{"line":56,"column":4}}]}},"code":["'use strict';","","var sprintf = require('sprintf-js').sprintf;","","/**"," * @returns {String} the string with all zeroes contained in a <span>"," */","var spanAllZeroes = exports.spanAllZeroes = function (s) {","  return s.replace(/(0+)/g, '<span class=\"zero\">$1</span>');","};","","/**"," * @returns {String} the string with each character contained in a <span>"," */","exports.spanAll = function (s, optionalOffset) {","  if (optionalOffset === undefined) {","    optionalOffset = 0;","  }","","  var letters = s.split('');","","  return letters.map(function (n, i) {","    return sprintf('<span class=\"digit value-%s position-%d\">%s</span>', n,","      i + optionalOffset,","      spanAllZeroes(n)); // XXX Use #base-2 .value-0 instead?","  }).join('');","};","","function spanLeadingZeroesSimple(group) {","  return group.replace(/^(0+)/, '<span class=\"zero\">$1</span>');","}","","/**"," * @returns {String} the string with leading zeroes contained in a <span>"," */","exports.spanLeadingZeroes = function (address) {","  var groups = address.split(':');","","  return groups.map(function (g) {","    return spanLeadingZeroesSimple(g);","  }).join(':');","};","","/**"," * Groups an address"," * @returns {String} a grouped address"," */","exports.simpleGroup = function (addressString, offset) {","  var groups = addressString.split(':');","","  if (!offset) {","    offset = 0;","  }","","  return groups.map(function (g, i) {","    if (/group-v4/.test(g)) {","      return g;","    }","","    return sprintf('<span class=\"hover-group group-%d\">%s</span>',","      i + offset,","      spanLeadingZeroesSimple(g));","  }).join(':');","};",""],"l":{"3":1,"8":1,"9":0,"15":1,"16":0,"17":0,"20":0,"22":0,"23":0,"29":1,"30":0,"36":1,"37":0,"39":0,"40":0,"48":1,"49":0,"51":0,"52":0,"55":0,"56":0,"57":0,"60":0}},"/home/travis/build/npmtest/node-npmtest-ip-address/node_modules/ip-address/lib/v6/regular-expressions.js":{"path":"/home/travis/build/npmtest/node-npmtest-ip-address/node_modules/ip-address/lib/v6/regular-expressions.js","s":{"1":1,"2":1,"3":1,"4":0,"5":1,"6":0,"7":0,"8":0,"9":1,"10":0,"11":0,"12":0,"13":0,"14":0,"15":0,"16":0,"17":0,"18":0,"19":0,"20":0,"21":0,"22":0,"23":1,"24":0,"25":0,"26":0,"27":0,"28":0,"29":0,"30":0,"31":0,"32":0,"33":0,"34":0,"35":0,"36":0,"37":0,"38":0,"39":0,"40":1,"41":0,"42":0,"43":0,"44":0,"45":0,"46":0,"47":0,"48":0,"49":0,"50":0,"51":0,"52":0,"53":0,"54":0,"55":0,"56":0,"57":0,"58":0,"59":1,"60":0},"b":{"1":[0,0],"2":[0,0],"3":[0,0],"4":[0,0],"5":[0,0],"6":[0,0],"7":[0,0],"8":[0,0],"9":[0,0],"10":[0,0],"11":[0,0],"12":[0,0],"13":[0,0,0,0],"14":[0,0],"15":[0,0],"16":[0,0],"17":[0,0],"18":[0,0],"19":[0,0]},"f":{"1":0,"2":0,"3":0,"4":0,"5":0,"6":0,"7":0,"8":0,"9":0},"fnMap":{"1":{"name":"groupPossibilities","line":7,"loc":{"start":{"line":7,"column":0},"end":{"line":7,"column":43}}},"2":{"name":"padGroup","line":11,"loc":{"start":{"line":11,"column":0},"end":{"line":11,"column":25}}},"3":{"name":"simpleRegularExpression","line":19,"loc":{"start":{"line":19,"column":0},"end":{"line":19,"column":41}}},"4":{"name":"(anonymous_4)","line":22,"loc":{"start":{"line":22,"column":17},"end":{"line":22,"column":37}}},"5":{"name":"(anonymous_5)","line":32,"loc":{"start":{"line":32,"column":38},"end":{"line":32,"column":59}}},"6":{"name":"(anonymous_6)","line":33,"loc":{"start":{"line":33,"column":22},"end":{"line":33,"column":42}}},"7":{"name":"possibleElisions","line":50,"loc":{"start":{"line":50,"column":0},"end":{"line":50,"column":61}}},"8":{"name":"(anonymous_8)","line":100,"loc":{"start":{"line":100,"column":34},"end":{"line":100,"column":63}}},"9":{"name":"(anonymous_9)","line":150,"loc":{"start":{"line":150,"column":28},"end":{"line":150,"column":57}}}},"statementMap":{"1":{"start":{"line":3,"column":0},"end":{"line":3,"column":44}},"2":{"start":{"line":5,"column":0},"end":{"line":5,"column":35}},"3":{"start":{"line":7,"column":0},"end":{"line":9,"column":1}},"4":{"start":{"line":8,"column":2},"end":{"line":8,"column":50}},"5":{"start":{"line":11,"column":0},"end":{"line":17,"column":1}},"6":{"start":{"line":12,"column":2},"end":{"line":14,"column":3}},"7":{"start":{"line":13,"column":4},"end":{"line":13,"column":57}},"8":{"start":{"line":16,"column":2},"end":{"line":16,"column":15}},"9":{"start":{"line":19,"column":0},"end":{"line":48,"column":1}},"10":{"start":{"line":20,"column":2},"end":{"line":20,"column":23}},"11":{"start":{"line":22,"column":2},"end":{"line":28,"column":5}},"12":{"start":{"line":23,"column":4},"end":{"line":23,"column":43}},"13":{"start":{"line":25,"column":4},"end":{"line":27,"column":5}},"14":{"start":{"line":26,"column":6},"end":{"line":26,"column":26}},"15":{"start":{"line":32,"column":2},"end":{"line":42,"column":5}},"16":{"start":{"line":33,"column":4},"end":{"line":41,"column":17}},"17":{"start":{"line":34,"column":6},"end":{"line":38,"column":7}},"18":{"start":{"line":35,"column":8},"end":{"line":35,"column":66}},"19":{"start":{"line":37,"column":8},"end":{"line":37,"column":62}},"20":{"start":{"line":40,"column":6},"end":{"line":40,"column":29}},"21":{"start":{"line":45,"column":2},"end":{"line":45,"column":53}},"22":{"start":{"line":47,"column":2},"end":{"line":47,"column":43}},"23":{"start":{"line":50,"column":0},"end":{"line":90,"column":1}},"24":{"start":{"line":51,"column":2},"end":{"line":51,"column":33}},"25":{"start":{"line":52,"column":2},"end":{"line":52,"column":35}},"26":{"start":{"line":54,"column":2},"end":{"line":54,"column":25}},"27":{"start":{"line":57,"column":2},"end":{"line":59,"column":3}},"28":{"start":{"line":58,"column":4},"end":{"line":58,"column":29}},"29":{"start":{"line":62,"column":2},"end":{"line":64,"column":3}},"30":{"start":{"line":63,"column":4},"end":{"line":63,"column":27}},"31":{"start":{"line":66,"column":2},"end":{"line":69,"column":3}},"32":{"start":{"line":68,"column":4},"end":{"line":68,"column":28}},"33":{"start":{"line":72,"column":2},"end":{"line":72,"column":75}},"34":{"start":{"line":75,"column":2},"end":{"line":75,"column":76}},"35":{"start":{"line":78,"column":2},"end":{"line":78,"column":71}},"36":{"start":{"line":81,"column":2},"end":{"line":87,"column":3}},"37":{"start":{"line":82,"column":4},"end":{"line":86,"column":5}},"38":{"start":{"line":83,"column":6},"end":{"line":85,"column":72}},"39":{"start":{"line":89,"column":2},"end":{"line":89,"column":43}},"40":{"start":{"line":100,"column":0},"end":{"line":140,"column":2}},"41":{"start":{"line":101,"column":2},"end":{"line":103,"column":3}},"42":{"start":{"line":102,"column":4},"end":{"line":102,"column":30}},"43":{"start":{"line":105,"column":2},"end":{"line":105,"column":18}},"44":{"start":{"line":108,"column":2},"end":{"line":108,"column":58}},"45":{"start":{"line":110,"column":2},"end":{"line":133,"column":3}},"46":{"start":{"line":112,"column":4},"end":{"line":112,"column":65}},"47":{"start":{"line":113,"column":9},"end":{"line":133,"column":3}},"48":{"start":{"line":115,"column":4},"end":{"line":115,"column":45}},"49":{"start":{"line":118,"column":4},"end":{"line":118,"column":46}},"50":{"start":{"line":120,"column":4},"end":{"line":122,"column":5}},"51":{"start":{"line":121,"column":6},"end":{"line":121,"column":65}},"52":{"start":{"line":124,"column":4},"end":{"line":126,"column":50}},"53":{"start":{"line":128,"column":4},"end":{"line":130,"column":5}},"54":{"start":{"line":129,"column":6},"end":{"line":129,"column":65}},"55":{"start":{"line":132,"column":4},"end":{"line":132,"column":32}},"56":{"start":{"line":135,"column":2},"end":{"line":137,"column":3}},"57":{"start":{"line":136,"column":4},"end":{"line":136,"column":79}},"58":{"start":{"line":139,"column":2},"end":{"line":139,"column":25}},"59":{"start":{"line":150,"column":0},"end":{"line":152,"column":2}},"60":{"start":{"line":151,"column":2},"end":{"line":151,"column":74}}},"branchMap":{"1":{"line":12,"type":"if","locations":[{"start":{"line":12,"column":2},"end":{"line":12,"column":2}},{"start":{"line":12,"column":2},"end":{"line":12,"column":2}}]},"2":{"line":25,"type":"if","locations":[{"start":{"line":25,"column":4},"end":{"line":25,"column":4}},{"start":{"line":25,"column":4},"end":{"line":25,"column":4}}]},"3":{"line":34,"type":"if","locations":[{"start":{"line":34,"column":6},"end":{"line":34,"column":6}},{"start":{"line":34,"column":6},"end":{"line":34,"column":6}}]},"4":{"line":35,"type":"cond-expr","locations":[{"start":{"line":35,"column":57},"end":{"line":35,"column":60}},{"start":{"line":35,"column":63},"end":{"line":35,"column":65}}]},"5":{"line":35,"type":"binary-expr","locations":[{"start":{"line":35,"column":23},"end":{"line":35,"column":30}},{"start":{"line":35,"column":34},"end":{"line":35,"column":53}}]},"6":{"line":51,"type":"cond-expr","locations":[{"start":{"line":51,"column":24},"end":{"line":51,"column":26}},{"start":{"line":51,"column":29},"end":{"line":51,"column":32}}]},"7":{"line":52,"type":"cond-expr","locations":[{"start":{"line":52,"column":26},"end":{"line":52,"column":28}},{"start":{"line":52,"column":31},"end":{"line":52,"column":34}}]},"8":{"line":57,"type":"if","locations":[{"start":{"line":57,"column":2},"end":{"line":57,"column":2}},{"start":{"line":57,"column":2},"end":{"line":57,"column":2}}]},"9":{"line":57,"type":"binary-expr","locations":[{"start":{"line":57,"column":6},"end":{"line":57,"column":15}},{"start":{"line":57,"column":19},"end":{"line":57,"column":29}}]},"10":{"line":62,"type":"if","locations":[{"start":{"line":62,"column":2},"end":{"line":62,"column":2}},{"start":{"line":62,"column":2},"end":{"line":62,"column":2}}]},"11":{"line":62,"type":"binary-expr","locations":[{"start":{"line":62,"column":6},"end":{"line":62,"column":14}},{"start":{"line":62,"column":18},"end":{"line":62,"column":27}}]},"12":{"line":66,"type":"if","locations":[{"start":{"line":66,"column":2},"end":{"line":66,"column":2}},{"start":{"line":66,"column":2},"end":{"line":66,"column":2}}]},"13":{"line":66,"type":"binary-expr","locations":[{"start":{"line":66,"column":7},"end":{"line":66,"column":16}},{"start":{"line":66,"column":20},"end":{"line":66,"column":29}},{"start":{"line":66,"column":35},"end":{"line":66,"column":45}},{"start":{"line":66,"column":49},"end":{"line":66,"column":57}}]},"14":{"line":101,"type":"if","locations":[{"start":{"line":101,"column":2},"end":{"line":101,"column":2}},{"start":{"line":101,"column":2},"end":{"line":101,"column":2}}]},"15":{"line":110,"type":"if","locations":[{"start":{"line":110,"column":2},"end":{"line":110,"column":2}},{"start":{"line":110,"column":2},"end":{"line":110,"column":2}}]},"16":{"line":113,"type":"if","locations":[{"start":{"line":113,"column":9},"end":{"line":113,"column":9}},{"start":{"line":113,"column":9},"end":{"line":113,"column":9}}]},"17":{"line":120,"type":"if","locations":[{"start":{"line":120,"column":4},"end":{"line":120,"column":4}},{"start":{"line":120,"column":4},"end":{"line":120,"column":4}}]},"18":{"line":128,"type":"if","locations":[{"start":{"line":128,"column":4},"end":{"line":128,"column":4}},{"start":{"line":128,"column":4},"end":{"line":128,"column":4}}]},"19":{"line":135,"type":"if","locations":[{"start":{"line":135,"column":2},"end":{"line":135,"column":2}},{"start":{"line":135,"column":2},"end":{"line":135,"column":2}}]}},"code":["'use strict';","","var sprintf = require('sprintf-js').sprintf;","","var v6 = require('./constants.js');","","function groupPossibilities(possibilities) {","  return sprintf('(%s)', possibilities.join('|'));","}","","function padGroup(group) {","  if (group.length < 4) {","    return sprintf('0{0,%d}%s', 4 - group.length, group);","  }","","  return group;","}","","function simpleRegularExpression(groups) {","  var zeroIndexes = [];","","  groups.forEach(function (group, i) {","    var groupInteger = parseInt(group, 16);","","    if (groupInteger === 0) {","      zeroIndexes.push(i);","    }","  });","","  // You can technically elide a single 0, this creates the regular expressions","  // to match that eventuality","  var possibilities = zeroIndexes.map(function (zeroIndex) {","    return groups.map(function (group, i) {","      if (i === zeroIndex) {","        var elision = (i === 0 || i === v6.GROUPS - 1) ? ':' : '';","","        return groupPossibilities([padGroup(group), elision]);","      }","","      return padGroup(group);","    }).join(':');","  });","","  // The simplest case","  possibilities.push(groups.map(padGroup).join(':'));","","  return groupPossibilities(possibilities);","}","","function possibleElisions(elidedGroups, moreLeft, moreRight) {","  var left = moreLeft ? '' : ':';","  var right = moreRight ? '' : ':';","","  var possibilities = [];","","  // 1. elision of everything (::)","  if (!moreLeft && !moreRight) {","    possibilities.push('::');","  }","","  // 2. complete elision of the middle","  if (moreLeft && moreRight) {","    possibilities.push('');","  }","","  if ((moreRight && !moreLeft) || (!moreRight && moreLeft)) {","    // 3. complete elision of one side","    possibilities.push(':');","  }","","  // 4. elision from the left side","  possibilities.push(sprintf('%s(:0{1,4}){1,%d}', left, elidedGroups - 1));","","  // 5. elision from the right side","  possibilities.push(sprintf('(0{1,4}:){1,%d}%s', elidedGroups - 1, right));","","  // 6. no elision","  possibilities.push(sprintf('(0{1,4}:){%d}0{1,4}', elidedGroups - 1));","","  // 7. elision (including sloppy elision) from the middle","  for (var groups = 1; groups < elidedGroups - 1; groups++) {","    for (var position = 1; position < elidedGroups - groups; position++) {","      possibilities.push(sprintf('(0{1,4}:){%d}:(0{1,4}:){%d}0{1,4}',","                                 position,","                                 elidedGroups - position - groups - 1));","    }","  }","","  return groupPossibilities(possibilities);","}","","/**"," * Generate a regular expression string that can be used to find or validate"," * all variations of this address"," * @memberof Address6"," * @instance"," * @param {string} optionalSubString"," * @returns {string}"," */","exports.regularExpressionString = function (optionalSubString) {","  if (optionalSubString === undefined) {","    optionalSubString = false;","  }","","  var output = [];","","  // TODO: revisit why this is necessary","  var address6 = new this.constructor(this.correctForm());","","  if (address6.elidedGroups === 0) {","    // The simple case","    output.push(simpleRegularExpression(address6.parsedAddress));","  } else if (address6.elidedGroups === v6.GROUPS) {","    // A completely elided address","    output.push(possibleElisions(v6.GROUPS));","  } else {","    // A partially elided address","    var halves = address6.address.split('::');","","    if (halves[0].length) {","      output.push(simpleRegularExpression(halves[0].split(':')));","    }","","    output.push(possibleElisions(address6.elidedGroups,","                         halves[0].length !== 0,","                         halves[1].length !== 0));","","    if (halves[1].length) {","      output.push(simpleRegularExpression(halves[1].split(':')));","    }","","    output = [output.join(':')];","  }","","  if (!optionalSubString) {","    output = [].concat('(?=^|\\\\b|[^\\\\w\\\\:])(', output, ')(?=[^\\\\w\\\\:]|\\\\b|$)');","  }","","  return output.join('');","};","","/**"," * Generate a regular expression that can be used to find or validate all"," * variations of this address."," * @memberof Address6"," * @instance"," * @param {string} optionalSubString"," * @returns {RegExp}"," */","exports.regularExpression = function (optionalSubstring) {","  return new RegExp(this.regularExpressionString(optionalSubstring), 'i');","};",""],"l":{"3":1,"5":1,"7":1,"8":0,"11":1,"12":0,"13":0,"16":0,"19":1,"20":0,"22":0,"23":0,"25":0,"26":0,"32":0,"33":0,"34":0,"35":0,"37":0,"40":0,"45":0,"47":0,"50":1,"51":0,"52":0,"54":0,"57":0,"58":0,"62":0,"63":0,"66":0,"68":0,"72":0,"75":0,"78":0,"81":0,"82":0,"83":0,"89":0,"100":1,"101":0,"102":0,"105":0,"108":0,"110":0,"112":0,"113":0,"115":0,"118":0,"120":0,"121":0,"124":0,"128":0,"129":0,"132":0,"135":0,"136":0,"139":0,"150":1,"151":0}},"/home/travis/build/npmtest/node-npmtest-ip-address/node_modules/ip-address/ip-address-globals.js":{"path":"/home/travis/build/npmtest/node-npmtest-ip-address/node_modules/ip-address/ip-address-globals.js","s":{"1":2,"2":2,"3":0,"4":0},"b":{},"f":{},"fnMap":{},"statementMap":{"1":{"start":{"line":3,"column":0},"end":{"line":3,"column":36}},"2":{"start":{"line":5,"column":0},"end":{"line":5,"column":30}},"3":{"start":{"line":6,"column":0},"end":{"line":6,"column":30}},"4":{"start":{"line":8,"column":0},"end":{"line":8,"column":18}}},"branchMap":{},"code":["'use strict';","","var ip = require('./ip-address.js');","","window.Address4 = ip.Address4;","window.Address6 = ip.Address6;","","window.v6 = ip.v6;",""],"l":{"3":2,"5":2,"6":0,"8":0}}}